07/27/2021 04:27:07 Task chemprot
07/27/2021 04:27:07 File %s doesnot exit
07/27/2021 04:28:10 Task chemprot
07/27/2021 04:28:10 /content/gdrive/My Drive/mt-dnn/mt_dnn_models/RobertaVoc/RobertaVoc2/chemprot_train.json
07/27/2021 04:28:15 /content/gdrive/My Drive/mt-dnn/mt_dnn_models/RobertaVoc/RobertaVoc2/chemprot_dev.json
07/27/2021 04:28:19 /content/gdrive/My Drive/mt-dnn/mt_dnn_models/RobertaVoc/RobertaVoc2/chemprot_test.json
07/27/2021 04:28:23 Task euadr
07/27/2021 04:28:23 /content/gdrive/My Drive/mt-dnn/mt_dnn_models/RobertaVoc/RobertaVoc2/euadr_train.json
07/27/2021 04:28:24 /content/gdrive/My Drive/mt-dnn/mt_dnn_models/RobertaVoc/RobertaVoc2/euadr_dev.json
07/27/2021 04:28:24 /content/gdrive/My Drive/mt-dnn/mt_dnn_models/RobertaVoc/RobertaVoc2/euadr_test.json
07/27/2021 04:28:24 Task gad
07/27/2021 04:28:24 /content/gdrive/My Drive/mt-dnn/mt_dnn_models/RobertaVoc/RobertaVoc2/gad_train.json
07/27/2021 04:28:32 /content/gdrive/My Drive/mt-dnn/mt_dnn_models/RobertaVoc/RobertaVoc2/gad_dev.json
07/27/2021 04:28:34 /content/gdrive/My Drive/mt-dnn/mt_dnn_models/RobertaVoc/RobertaVoc2/gad_test.json
07/27/2021 04:28:35 Task ddi2013
07/27/2021 04:28:36 /content/gdrive/My Drive/mt-dnn/mt_dnn_models/RobertaVoc/RobertaVoc2/ddi2013_train.json
07/27/2021 04:28:44 /content/gdrive/My Drive/mt-dnn/mt_dnn_models/RobertaVoc/RobertaVoc2/ddi2013_dev.json
07/27/2021 04:28:46 /content/gdrive/My Drive/mt-dnn/mt_dnn_models/RobertaVoc/RobertaVoc2/ddi2013_test.json
07/27/2021 04:28:48 Task i2b2
07/27/2021 04:28:48 /content/gdrive/My Drive/mt-dnn/mt_dnn_models/RobertaVoc/RobertaVoc2/i2b2_train.json
07/27/2021 04:28:54 /content/gdrive/My Drive/mt-dnn/mt_dnn_models/RobertaVoc/RobertaVoc2/i2b2_dev.json
07/27/2021 04:28:55 /content/gdrive/My Drive/mt-dnn/mt_dnn_models/RobertaVoc/RobertaVoc2/i2b2_test.json
07/27/2021 05:27:28 Task chemprot
07/27/2021 05:27:29 /content/gdrive/My Drive/mt-dnn/mt_dnn_models/RobertaVoc/RobertaVoc2/chemprot_train.json
07/27/2021 05:27:35 /content/gdrive/My Drive/mt-dnn/mt_dnn_models/RobertaVoc/RobertaVoc2/chemprot_dev.json
07/27/2021 05:27:39 /content/gdrive/My Drive/mt-dnn/mt_dnn_models/RobertaVoc/RobertaVoc2/chemprot_test.json
07/27/2021 05:27:43 Task euadr
07/27/2021 05:27:44 /content/gdrive/My Drive/mt-dnn/mt_dnn_models/RobertaVoc/RobertaVoc2/euadr_train.json
07/27/2021 05:27:45 /content/gdrive/My Drive/mt-dnn/mt_dnn_models/RobertaVoc/RobertaVoc2/euadr_dev.json
07/27/2021 05:27:46 /content/gdrive/My Drive/mt-dnn/mt_dnn_models/RobertaVoc/RobertaVoc2/euadr_test.json
07/27/2021 05:27:46 Task gad
07/27/2021 05:27:47 /content/gdrive/My Drive/mt-dnn/mt_dnn_models/RobertaVoc/RobertaVoc2/gad_train.json
07/27/2021 05:27:55 /content/gdrive/My Drive/mt-dnn/mt_dnn_models/RobertaVoc/RobertaVoc2/gad_dev.json
07/27/2021 05:27:58 /content/gdrive/My Drive/mt-dnn/mt_dnn_models/RobertaVoc/RobertaVoc2/gad_test.json
07/27/2021 05:28:00 Task ddi2013
07/27/2021 05:28:00 /content/gdrive/My Drive/mt-dnn/mt_dnn_models/RobertaVoc/RobertaVoc2/ddi2013_train.json
07/27/2021 05:28:08 /content/gdrive/My Drive/mt-dnn/mt_dnn_models/RobertaVoc/RobertaVoc2/ddi2013_dev.json
07/27/2021 05:28:11 /content/gdrive/My Drive/mt-dnn/mt_dnn_models/RobertaVoc/RobertaVoc2/ddi2013_test.json
07/27/2021 05:28:13 Task i2b2
07/27/2021 05:28:13 /content/gdrive/My Drive/mt-dnn/mt_dnn_models/RobertaVoc/RobertaVoc2/i2b2_train.json
07/27/2021 05:28:18 /content/gdrive/My Drive/mt-dnn/mt_dnn_models/RobertaVoc/RobertaVoc2/i2b2_dev.json
07/27/2021 05:28:20 /content/gdrive/My Drive/mt-dnn/mt_dnn_models/RobertaVoc/RobertaVoc2/i2b2_test.json
07/28/2021 10:12:18 Task chemprot
07/28/2021 10:15:02 Task chemprot
07/28/2021 10:15:03 tutorials/mt_dnn_models/RobertaVoc/RobertaVoc2/chemprot_train.json
07/28/2021 10:15:04 tutorials/mt_dnn_models/RobertaVoc/RobertaVoc2/chemprot_dev.json
07/28/2021 10:16:26 Task chemprot
07/28/2021 10:16:26 tutorials/mt_dnn_models/RobertaVoc/RobertaVoc2/chemprot_train.json
07/28/2021 10:16:27 tutorials/mt_dnn_models/RobertaVoc/RobertaVoc2/chemprot_dev.json
07/28/2021 10:16:46 Task chemprot
07/28/2021 10:16:46 tutorials/mt_dnn_models/RobertaVoc/RobertaVoc2/chemprot_train.json
07/28/2021 10:16:47 tutorials/mt_dnn_models/RobertaVoc/RobertaVoc2/chemprot_dev.json
07/28/2021 10:17:17 Task chemprot
07/28/2021 10:17:17 tutorials/mt_dnn_models/RobertaVoc/RobertaVoc2/chemprot_train.json
07/28/2021 10:17:18 tutorials/mt_dnn_models/RobertaVoc/RobertaVoc2/chemprot_dev.json
07/28/2021 10:17:41 Task chemprot
07/28/2021 10:17:41 tutorials/mt_dnn_models/RobertaVoc/RobertaVoc2/chemprot_train.json
07/28/2021 10:17:41 tutorials/mt_dnn_models/RobertaVoc/RobertaVoc2/chemprot_dev.json
07/28/2021 10:18:14 Task chemprot
07/28/2021 10:18:14 tutorials/mt_dnn_models/RobertaVoc/RobertaVoc2/chemprot_train.json
07/28/2021 10:18:15 tutorials/mt_dnn_models/RobertaVoc/RobertaVoc2/chemprot_dev.json
07/28/2021 10:19:29 Task chemprot
07/28/2021 10:19:29 tutorials/mt_dnn_models/RobertaVoc/RobertaVoc2/chemprot_train.json
07/28/2021 10:19:30 tutorials/mt_dnn_models/RobertaVoc/RobertaVoc2/chemprot_dev.json
07/28/2021 10:20:24 Task chemprot
07/28/2021 10:20:24 tutorials/mt_dnn_models/RobertaVoc/RobertaVoc2/chemprot_train.json
07/28/2021 10:20:24 tutorials/mt_dnn_models/RobertaVoc/RobertaVoc2/chemprot_dev.json
07/28/2021 10:20:30 Task chemprot
07/28/2021 10:20:30 tutorials/mt_dnn_models/RobertaVoc/RobertaVoc2/chemprot_train.json
07/28/2021 10:20:31 tutorials/mt_dnn_models/RobertaVoc/RobertaVoc2/chemprot_dev.json
07/28/2021 10:20:39 Task chemprot
07/28/2021 10:20:39 tutorials/mt_dnn_models/RobertaVoc/RobertaVoc2/chemprot_train.json
07/28/2021 10:20:39 File %s doesnot exit
07/28/2021 10:21:03 Task chemprot
07/28/2021 10:21:03 tutorials/mt_dnn_models/RobertaVoc/RobertaVoc2/chemprot_train.json
07/28/2021 10:21:04 File %s doesnot exit
07/28/2021 10:21:08 Task chemprot
07/28/2021 10:21:08 tutorials/mt_dnn_models/RobertaVoc/RobertaVoc2/chemprot_train.json
07/28/2021 10:21:09 File %s doesnot exit
07/28/2021 10:21:12 Task chemprot
07/28/2021 10:21:12 tutorials/mt_dnn_models/RobertaVoc/RobertaVoc2/chemprot_train.json
07/28/2021 10:21:13 File %s doesnot exit
07/28/2021 10:21:19 Task chemprot
07/28/2021 10:21:19 tutorials/mt_dnn_models/RobertaVoc/RobertaVoc2/chemprot_train.json
07/28/2021 10:21:20 tutorials/mt_dnn_models/RobertaVoc/RobertaVoc2/chemprot_dev.json
07/28/2021 10:23:33 Task chemprot
07/28/2021 10:23:33 tutorials/mt_dnn_models/RobertaVoc/RobertaVoc2/chemprot_train.json
07/28/2021 10:23:34 tutorials/mt_dnn_models/RobertaVoc/RobertaVoc2/chemprot_dev.json
07/28/2021 10:23:41 Task chemprot
07/28/2021 10:23:41 tutorials/mt_dnn_models/RobertaVoc/RobertaVoc2/chemprot_train.json
07/28/2021 10:23:42 tutorials/mt_dnn_models/RobertaVoc/RobertaVoc2/chemprot_dev.json
07/28/2021 10:23:50 Task chemprot
07/28/2021 10:23:50 tutorials/mt_dnn_models/RobertaVoc/RobertaVoc2/chemprot_train.json
07/28/2021 10:23:51 tutorials/mt_dnn_models/RobertaVoc/RobertaVoc2/chemprot_dev.json
07/28/2021 10:23:59 Task chemprot
07/28/2021 10:23:59 tutorials/mt_dnn_models/RobertaVoc/RobertaVoc2/chemprot_train.json
07/28/2021 10:23:59 tutorials/mt_dnn_models/RobertaVoc/RobertaVoc2/chemprot_dev.json
07/28/2021 10:24:06 Task chemprot
07/28/2021 10:24:06 tutorials/mt_dnn_models/RobertaVoc/RobertaVoc2/chemprot_train.json
07/28/2021 10:24:07 tutorials/mt_dnn_models/RobertaVoc/RobertaVoc2/chemprot_dev.json
07/28/2021 10:24:48 Task chemprot
07/28/2021 10:24:48 tutorials/mt_dnn_models/RobertaVoc/RobertaVoc2/chemprot_train.json
07/28/2021 10:24:48 File %s doesnot exit
07/28/2021 10:24:52 Task chemprot
07/28/2021 10:24:52 tutorials/mt_dnn_models/RobertaVoc/RobertaVoc2/chemprot_train.json
07/28/2021 10:24:53 File %s doesnot exit
07/28/2021 10:26:04 Task chemprot
07/28/2021 10:26:04 tutorials/mt_dnn_models/RobertaVoc/RobertaVoc2/chemprot_train.json
07/28/2021 10:26:05 tutorials/mt_dnn_models/RobertaVoc/RobertaVoc2/chemprot_dev.json
07/28/2021 10:26:19 Task chemprot
07/28/2021 10:26:19 tutorials/mt_dnn_models/RobertaVoc/RobertaVoc2/chemprot_train.json
07/28/2021 10:26:19 tutorials/mt_dnn_models/RobertaVoc/RobertaVoc2/chemprot_dev.json
07/28/2021 10:26:25 Task chemprot
07/28/2021 10:26:25 tutorials/mt_dnn_models/RobertaVoc/RobertaVoc2/chemprot_train.json
07/28/2021 10:26:26 tutorials/mt_dnn_models/RobertaVoc/RobertaVoc2/chemprot_dev.json
07/28/2021 10:27:22 Task chemprot
07/28/2021 10:27:22 tutorials/mt_dnn_models/RobertaVoc/RobertaVoc2/chemprot_train.json
07/28/2021 10:27:23 tutorials/mt_dnn_models/RobertaVoc/RobertaVoc2/chemprot_dev.json
07/28/2021 10:28:18 Task chemprot
07/28/2021 10:28:18 tutorials/mt_dnn_models/RobertaVoc/RobertaVoc2/chemprot_train.json
07/28/2021 10:28:19 tutorials/mt_dnn_models/RobertaVoc/RobertaVoc2/chemprot_dev.json
07/28/2021 10:28:20 tutorials/mt_dnn_models/RobertaVoc/RobertaVoc2/chemprot_test.json
07/28/2021 10:28:24 Task euadr
07/28/2021 10:28:24 tutorials/mt_dnn_models/RobertaVoc/RobertaVoc2/euadr_train.json
07/28/2021 10:28:25 tutorials/mt_dnn_models/RobertaVoc/RobertaVoc2/euadr_dev.json
07/28/2021 10:28:26 tutorials/mt_dnn_models/RobertaVoc/RobertaVoc2/euadr_test.json
07/28/2021 10:28:26 Task gad
07/28/2021 10:28:27 tutorials/mt_dnn_models/RobertaVoc/RobertaVoc2/gad_train.json
07/28/2021 10:28:34 tutorials/mt_dnn_models/RobertaVoc/RobertaVoc2/gad_dev.json
07/28/2021 10:28:37 tutorials/mt_dnn_models/RobertaVoc/RobertaVoc2/gad_test.json
07/28/2021 10:28:38 Task ddi2013
07/28/2021 10:28:39 tutorials/mt_dnn_models/RobertaVoc/RobertaVoc2/ddi2013_train.json
07/28/2021 10:28:41 tutorials/mt_dnn_models/RobertaVoc/RobertaVoc2/ddi2013_dev.json
07/28/2021 10:28:42 tutorials/mt_dnn_models/RobertaVoc/RobertaVoc2/ddi2013_test.json
07/28/2021 10:28:44 Task i2b2
07/28/2021 10:28:44 tutorials/mt_dnn_models/RobertaVoc/RobertaVoc2/i2b2_train.json
07/28/2021 10:28:46 tutorials/mt_dnn_models/RobertaVoc/RobertaVoc2/i2b2_dev.json
07/28/2021 10:28:47 tutorials/mt_dnn_models/RobertaVoc/RobertaVoc2/i2b2_test.json
07/29/2021 12:44:31 Task chemprot
07/29/2021 12:44:32 tutorials/mt_dnn_models/RobertaVoc/RobertaVoc2/chemprot_train.json
07/29/2021 12:44:34 tutorials/mt_dnn_models/RobertaVoc/RobertaVoc2/chemprot_dev.json
07/29/2021 12:44:35 tutorials/mt_dnn_models/RobertaVoc/RobertaVoc2/chemprot_test.json
07/29/2021 12:44:40 Task euadr
07/29/2021 12:44:41 tutorials/mt_dnn_models/RobertaVoc/RobertaVoc2/euadr_train.json
07/29/2021 12:44:42 tutorials/mt_dnn_models/RobertaVoc/RobertaVoc2/euadr_dev.json
07/29/2021 12:44:42 tutorials/mt_dnn_models/RobertaVoc/RobertaVoc2/euadr_test.json
07/29/2021 12:44:43 Task gad
07/29/2021 12:44:43 tutorials/mt_dnn_models/RobertaVoc/RobertaVoc2/gad_train.json
07/29/2021 12:44:50 tutorials/mt_dnn_models/RobertaVoc/RobertaVoc2/gad_dev.json
07/29/2021 12:44:53 tutorials/mt_dnn_models/RobertaVoc/RobertaVoc2/gad_test.json
07/29/2021 12:44:54 Task ddi2013
07/29/2021 12:44:54 tutorials/mt_dnn_models/RobertaVoc/RobertaVoc2/ddi2013_train.json
07/29/2021 12:44:56 tutorials/mt_dnn_models/RobertaVoc/RobertaVoc2/ddi2013_dev.json
07/29/2021 12:44:56 tutorials/mt_dnn_models/RobertaVoc/RobertaVoc2/ddi2013_test.json
07/29/2021 12:44:58 Task i2b2
07/29/2021 12:44:58 tutorials/mt_dnn_models/RobertaVoc/RobertaVoc2/i2b2_train.json
07/29/2021 12:44:59 tutorials/mt_dnn_models/RobertaVoc/RobertaVoc2/i2b2_dev.json
07/29/2021 12:45:00 tutorials/mt_dnn_models/RobertaVoc/RobertaVoc2/i2b2_test.json
07/29/2021 12:45:33 Task chemprot
07/29/2021 12:45:33 tutorials/mt_dnn_models/RobertaVoc/RobertaVoc2/chemprot_train.json
07/29/2021 12:45:34 tutorials/mt_dnn_models/RobertaVoc/RobertaVoc2/chemprot_dev.json
07/29/2021 12:45:34 tutorials/mt_dnn_models/RobertaVoc/RobertaVoc2/chemprot_test.json
07/29/2021 08:31:09 Task chemprot
07/29/2021 08:31:10 tutorials/mt_dnn_models/RobertaVoc/RobertaVoc2/chemprot_train.json
07/29/2021 08:31:11 tutorials/mt_dnn_models/RobertaVoc/RobertaVoc2/chemprot_dev.json
07/29/2021 08:31:13 tutorials/mt_dnn_models/RobertaVoc/RobertaVoc2/chemprot_test.json
07/29/2021 08:31:17 Task euadr
07/29/2021 08:31:18 tutorials/mt_dnn_models/RobertaVoc/RobertaVoc2/euadr_train.json
07/29/2021 08:31:19 tutorials/mt_dnn_models/RobertaVoc/RobertaVoc2/euadr_dev.json
07/29/2021 08:31:19 tutorials/mt_dnn_models/RobertaVoc/RobertaVoc2/euadr_test.json
07/29/2021 08:31:20 Task gad
07/29/2021 08:31:20 tutorials/mt_dnn_models/RobertaVoc/RobertaVoc2/gad_train.json
07/29/2021 08:31:28 tutorials/mt_dnn_models/RobertaVoc/RobertaVoc2/gad_dev.json
07/29/2021 08:31:31 tutorials/mt_dnn_models/RobertaVoc/RobertaVoc2/gad_test.json
07/29/2021 08:31:33 Task ddi2013
07/29/2021 08:31:33 tutorials/mt_dnn_models/RobertaVoc/RobertaVoc2/ddi2013_train.json
07/29/2021 08:31:34 tutorials/mt_dnn_models/RobertaVoc/RobertaVoc2/ddi2013_dev.json
07/29/2021 08:31:35 tutorials/mt_dnn_models/RobertaVoc/RobertaVoc2/ddi2013_test.json
07/29/2021 08:31:37 Task i2b2
07/29/2021 08:31:38 tutorials/mt_dnn_models/RobertaVoc/RobertaVoc2/i2b2_train.json
07/29/2021 08:31:39 tutorials/mt_dnn_models/RobertaVoc/RobertaVoc2/i2b2_dev.json
07/29/2021 08:31:40 tutorials/mt_dnn_models/RobertaVoc/RobertaVoc2/i2b2_test.json
07/29/2021 12:23:50 Task chemprot
07/29/2021 12:23:50 tutorials/mt_dnn_models/RobertaVoc/RobertaVoc2/chemprot_train.json
07/29/2021 12:23:52 tutorials/mt_dnn_models/RobertaVoc/RobertaVoc2/chemprot_dev.json
07/29/2021 12:23:53 tutorials/mt_dnn_models/RobertaVoc/RobertaVoc2/chemprot_test.json
07/29/2021 12:23:58 Task euadr
07/29/2021 12:23:58 tutorials/mt_dnn_models/RobertaVoc/RobertaVoc2/euadr_train.json
07/29/2021 12:23:59 tutorials/mt_dnn_models/RobertaVoc/RobertaVoc2/euadr_dev.json
07/29/2021 12:24:00 tutorials/mt_dnn_models/RobertaVoc/RobertaVoc2/euadr_test.json
07/29/2021 12:24:00 Task gad
07/29/2021 12:24:01 tutorials/mt_dnn_models/RobertaVoc/RobertaVoc2/gad_train.json
07/29/2021 12:24:09 tutorials/mt_dnn_models/RobertaVoc/RobertaVoc2/gad_dev.json
07/29/2021 12:24:12 tutorials/mt_dnn_models/RobertaVoc/RobertaVoc2/gad_test.json
07/29/2021 12:24:13 Task ddi2013
07/29/2021 12:24:14 tutorials/mt_dnn_models/RobertaVoc/RobertaVoc2/ddi2013_train.json
07/29/2021 12:24:15 tutorials/mt_dnn_models/RobertaVoc/RobertaVoc2/ddi2013_dev.json
07/29/2021 12:24:16 tutorials/mt_dnn_models/RobertaVoc/RobertaVoc2/ddi2013_test.json
07/29/2021 12:24:18 Task i2b2
07/29/2021 12:24:19 tutorials/mt_dnn_models/RobertaVoc/RobertaVoc2/i2b2_train.json
07/29/2021 12:24:20 tutorials/mt_dnn_models/RobertaVoc/RobertaVoc2/i2b2_dev.json
07/29/2021 12:24:21 tutorials/mt_dnn_models/RobertaVoc/RobertaVoc2/i2b2_test.json
07/30/2021 12:33:07 Task chemprot
07/30/2021 12:33:08 tutorials/mt_dnn_models/RobertaVoc/RobertaVoc2/chemprot_train.json
07/30/2021 12:33:10 tutorials/mt_dnn_models/RobertaVoc/RobertaVoc2/chemprot_dev.json
07/30/2021 12:33:12 tutorials/mt_dnn_models/RobertaVoc/RobertaVoc2/chemprot_test.json
07/30/2021 12:33:18 Task euadr
07/30/2021 12:33:19 tutorials/mt_dnn_models/RobertaVoc/RobertaVoc2/euadr_train.json
07/30/2021 12:33:21 tutorials/mt_dnn_models/RobertaVoc/RobertaVoc2/euadr_dev.json
07/30/2021 12:33:23 tutorials/mt_dnn_models/RobertaVoc/RobertaVoc2/euadr_test.json
07/30/2021 12:33:23 Task gad
07/30/2021 12:33:25 tutorials/mt_dnn_models/RobertaVoc/RobertaVoc2/gad_train.json
07/30/2021 12:33:35 tutorials/mt_dnn_models/RobertaVoc/RobertaVoc2/gad_dev.json
07/30/2021 12:33:40 tutorials/mt_dnn_models/RobertaVoc/RobertaVoc2/gad_test.json
07/30/2021 12:33:42 Task ddi2013
07/30/2021 12:33:44 tutorials/mt_dnn_models/RobertaVoc/RobertaVoc2/ddi2013_train.json
07/30/2021 12:33:46 tutorials/mt_dnn_models/RobertaVoc/RobertaVoc2/ddi2013_dev.json
07/30/2021 12:33:48 tutorials/mt_dnn_models/RobertaVoc/RobertaVoc2/ddi2013_test.json
07/30/2021 12:33:51 Task i2b2
07/30/2021 12:33:51 tutorials/mt_dnn_models/RobertaVoc/RobertaVoc2/i2b2_train.json
07/30/2021 12:33:52 tutorials/mt_dnn_models/RobertaVoc/RobertaVoc2/i2b2_dev.json
07/30/2021 12:33:55 tutorials/mt_dnn_models/RobertaVoc/RobertaVoc2/i2b2_test.json
07/30/2021 12:39:56 Task chemprot
07/30/2021 12:39:56 tutorials/mt_dnn_models/RobertaVoc/RobertaVoc2/chemprot_train.json
07/30/2021 12:39:56 tutorials/mt_dnn_models/RobertaVoc/RobertaVoc2/chemprot_dev.json
07/30/2021 12:39:57 tutorials/mt_dnn_models/RobertaVoc/RobertaVoc2/chemprot_test.json
07/30/2021 12:40:02 Task euadr
07/30/2021 12:40:02 tutorials/mt_dnn_models/RobertaVoc/RobertaVoc2/euadr_train.json
07/30/2021 12:40:02 tutorials/mt_dnn_models/RobertaVoc/RobertaVoc2/euadr_dev.json
07/30/2021 12:40:03 tutorials/mt_dnn_models/RobertaVoc/RobertaVoc2/euadr_test.json
07/30/2021 12:40:03 Task gad
07/30/2021 12:40:03 tutorials/mt_dnn_models/RobertaVoc/RobertaVoc2/gad_train.json
07/30/2021 12:40:11 tutorials/mt_dnn_models/RobertaVoc/RobertaVoc2/gad_dev.json
07/30/2021 12:40:15 tutorials/mt_dnn_models/RobertaVoc/RobertaVoc2/gad_test.json
07/30/2021 12:40:16 Task ddi2013
07/30/2021 12:40:17 tutorials/mt_dnn_models/RobertaVoc/RobertaVoc2/ddi2013_train.json
07/30/2021 12:40:17 tutorials/mt_dnn_models/RobertaVoc/RobertaVoc2/ddi2013_dev.json
07/30/2021 12:40:17 tutorials/mt_dnn_models/RobertaVoc/RobertaVoc2/ddi2013_test.json
07/30/2021 12:40:19 Task i2b2
07/30/2021 12:40:19 tutorials/mt_dnn_models/RobertaVoc/RobertaVoc2/i2b2_train.json
07/30/2021 12:40:19 tutorials/mt_dnn_models/RobertaVoc/RobertaVoc2/i2b2_dev.json
07/30/2021 12:40:20 tutorials/mt_dnn_models/RobertaVoc/RobertaVoc2/i2b2_test.json
07/30/2021 04:23:02 Task chemprot
07/30/2021 04:25:40 Task chemprot
07/30/2021 04:25:41 tutorials/mt_dnn_models/RobertaVoc/RobertaVoc2/chemprot_train.json
07/30/2021 04:25:42 tutorials/mt_dnn_models/RobertaVoc/RobertaVoc2/chemprot_dev.json
07/30/2021 04:25:43 tutorials/mt_dnn_models/RobertaVoc/RobertaVoc2/chemprot_test.json
07/30/2021 04:25:47 Task euadr
07/30/2021 04:25:48 tutorials/mt_dnn_models/RobertaVoc/RobertaVoc2/euadr_train.json
07/30/2021 04:25:49 tutorials/mt_dnn_models/RobertaVoc/RobertaVoc2/euadr_dev.json
07/30/2021 04:25:50 tutorials/mt_dnn_models/RobertaVoc/RobertaVoc2/euadr_test.json
07/30/2021 04:25:51 Task gad
07/30/2021 04:25:52 tutorials/mt_dnn_models/RobertaVoc/RobertaVoc2/gad_train.json
07/30/2021 04:26:00 tutorials/mt_dnn_models/RobertaVoc/RobertaVoc2/gad_dev.json
07/30/2021 04:26:03 tutorials/mt_dnn_models/RobertaVoc/RobertaVoc2/gad_test.json
07/30/2021 04:26:05 Task ddi2013
07/30/2021 04:26:05 tutorials/mt_dnn_models/RobertaVoc/RobertaVoc2/ddi2013_train.json
07/30/2021 04:26:06 tutorials/mt_dnn_models/RobertaVoc/RobertaVoc2/ddi2013_dev.json
07/30/2021 04:26:07 tutorials/mt_dnn_models/RobertaVoc/RobertaVoc2/ddi2013_test.json
07/30/2021 04:26:09 Task i2b2
07/30/2021 04:26:09 tutorials/mt_dnn_models/RobertaVoc/RobertaVoc2/i2b2_train.json
07/30/2021 04:26:10 tutorials/mt_dnn_models/RobertaVoc/RobertaVoc2/i2b2_dev.json
07/30/2021 04:26:12 tutorials/mt_dnn_models/RobertaVoc/RobertaVoc2/i2b2_test.json
07/30/2021 09:06:23 Task chemprot
07/30/2021 09:06:24 SHOT/SHOT1_1/mt_dnn_models/RobertaVoc/RobertaVoc2/chemprot_train.json
07/30/2021 09:06:24 SHOT/SHOT1_1/mt_dnn_models/RobertaVoc/RobertaVoc2/chemprot_dev.json
07/30/2021 09:06:25 SHOT/SHOT1_1/mt_dnn_models/RobertaVoc/RobertaVoc2/chemprot_test.json
07/30/2021 09:06:29 Task euadr
07/30/2021 09:06:29 File %s doesnot exit
07/30/2021 09:08:11 Task chemprot
07/30/2021 09:08:11 SHOT/SHOT1_1/mt_dnn_models/RobertaVoc/RobertaVoc2/chemprot_train.json
07/30/2021 09:08:11 SHOT/SHOT1_1/mt_dnn_models/RobertaVoc/RobertaVoc2/chemprot_dev.json
07/30/2021 09:08:11 SHOT/SHOT1_1/mt_dnn_models/RobertaVoc/RobertaVoc2/chemprot_test.json
07/30/2021 09:08:15 Task ddi2013
07/30/2021 09:08:16 SHOT/SHOT1_1/mt_dnn_models/RobertaVoc/RobertaVoc2/ddi2013_train.json
07/30/2021 09:08:16 SHOT/SHOT1_1/mt_dnn_models/RobertaVoc/RobertaVoc2/ddi2013_dev.json
07/30/2021 09:08:17 SHOT/SHOT1_1/mt_dnn_models/RobertaVoc/RobertaVoc2/ddi2013_test.json
07/30/2021 09:08:18 Task i2b2
07/30/2021 09:08:19 SHOT/SHOT1_1/mt_dnn_models/RobertaVoc/RobertaVoc2/i2b2_train.json
07/30/2021 09:08:19 SHOT/SHOT1_1/mt_dnn_models/RobertaVoc/RobertaVoc2/i2b2_dev.json
07/30/2021 09:08:21 SHOT/SHOT1_1/mt_dnn_models/RobertaVoc/RobertaVoc2/i2b2_test.json
07/30/2021 09:08:52 Task chemprot
07/30/2021 09:08:52 SHOT/SHOT1_2/mt_dnn_models/RobertaVoc/RobertaVoc2/chemprot_train.json
07/30/2021 09:08:53 SHOT/SHOT1_2/mt_dnn_models/RobertaVoc/RobertaVoc2/chemprot_dev.json
07/30/2021 09:08:53 SHOT/SHOT1_2/mt_dnn_models/RobertaVoc/RobertaVoc2/chemprot_test.json
07/30/2021 09:08:58 Task ddi2013
07/30/2021 09:08:58 SHOT/SHOT1_2/mt_dnn_models/RobertaVoc/RobertaVoc2/ddi2013_train.json
07/30/2021 09:08:58 SHOT/SHOT1_2/mt_dnn_models/RobertaVoc/RobertaVoc2/ddi2013_dev.json
07/30/2021 09:08:59 SHOT/SHOT1_2/mt_dnn_models/RobertaVoc/RobertaVoc2/ddi2013_test.json
07/30/2021 09:09:01 Task i2b2
07/30/2021 09:09:01 SHOT/SHOT1_2/mt_dnn_models/RobertaVoc/RobertaVoc2/i2b2_train.json
07/30/2021 09:09:01 SHOT/SHOT1_2/mt_dnn_models/RobertaVoc/RobertaVoc2/i2b2_dev.json
07/30/2021 09:09:02 SHOT/SHOT1_2/mt_dnn_models/RobertaVoc/RobertaVoc2/i2b2_test.json
07/30/2021 09:09:40 Task chemprot
07/30/2021 09:09:40 SHOT/SHOT1_3/mt_dnn_models/RobertaVoc/RobertaVoc2/chemprot_train.json
07/30/2021 09:09:41 SHOT/SHOT1_3/mt_dnn_models/RobertaVoc/RobertaVoc2/chemprot_dev.json
07/30/2021 09:09:41 File %s doesnot exit
07/30/2021 09:10:57 Task chemprot
07/30/2021 09:10:58 SHOT/SHOT1_4/mt_dnn_models/RobertaVoc/RobertaVoc2/chemprot_train.json
07/30/2021 09:10:58 SHOT/SHOT1_4/mt_dnn_models/RobertaVoc/RobertaVoc2/chemprot_dev.json
07/30/2021 09:10:59 SHOT/SHOT1_4/mt_dnn_models/RobertaVoc/RobertaVoc2/chemprot_test.json
07/30/2021 09:11:03 Task ddi2013
07/30/2021 09:11:03 SHOT/SHOT1_4/mt_dnn_models/RobertaVoc/RobertaVoc2/ddi2013_train.json
07/30/2021 09:11:04 SHOT/SHOT1_4/mt_dnn_models/RobertaVoc/RobertaVoc2/ddi2013_dev.json
07/30/2021 09:11:04 SHOT/SHOT1_4/mt_dnn_models/RobertaVoc/RobertaVoc2/ddi2013_test.json
07/30/2021 09:11:06 Task i2b2
07/30/2021 09:11:06 SHOT/SHOT1_4/mt_dnn_models/RobertaVoc/RobertaVoc2/i2b2_train.json
07/30/2021 09:11:06 SHOT/SHOT1_4/mt_dnn_models/RobertaVoc/RobertaVoc2/i2b2_dev.json
07/30/2021 09:11:07 SHOT/SHOT1_4/mt_dnn_models/RobertaVoc/RobertaVoc2/i2b2_test.json
07/30/2021 09:11:32 Task chemprot
07/30/2021 09:11:32 SHOT/SHOT1_3/mt_dnn_models/RobertaVoc/RobertaVoc2/chemprot_train.json
07/30/2021 09:11:32 SHOT/SHOT1_3/mt_dnn_models/RobertaVoc/RobertaVoc2/chemprot_dev.json
07/30/2021 09:11:33 SHOT/SHOT1_3/mt_dnn_models/RobertaVoc/RobertaVoc2/chemprot_test.json
07/30/2021 09:11:37 Task ddi2013
07/30/2021 09:11:38 SHOT/SHOT1_3/mt_dnn_models/RobertaVoc/RobertaVoc2/ddi2013_train.json
07/30/2021 09:11:38 SHOT/SHOT1_3/mt_dnn_models/RobertaVoc/RobertaVoc2/ddi2013_dev.json
07/30/2021 09:11:39 SHOT/SHOT1_3/mt_dnn_models/RobertaVoc/RobertaVoc2/ddi2013_test.json
07/30/2021 09:11:40 Task i2b2
07/30/2021 09:11:40 SHOT/SHOT1_3/mt_dnn_models/RobertaVoc/RobertaVoc2/i2b2_train.json
07/30/2021 09:11:41 SHOT/SHOT1_3/mt_dnn_models/RobertaVoc/RobertaVoc2/i2b2_dev.json
07/30/2021 09:11:42 SHOT/SHOT1_3/mt_dnn_models/RobertaVoc/RobertaVoc2/i2b2_test.json
07/30/2021 09:11:57 Task chemprot
07/30/2021 09:11:57 SHOT/SHOT1_5/mt_dnn_models/RobertaVoc/RobertaVoc2/chemprot_train.json
07/30/2021 09:11:58 SHOT/SHOT1_5/mt_dnn_models/RobertaVoc/RobertaVoc2/chemprot_dev.json
07/30/2021 09:11:58 SHOT/SHOT1_5/mt_dnn_models/RobertaVoc/RobertaVoc2/chemprot_test.json
07/30/2021 09:12:03 Task ddi2013
07/30/2021 09:12:03 SHOT/SHOT1_5/mt_dnn_models/RobertaVoc/RobertaVoc2/ddi2013_train.json
07/30/2021 09:12:03 SHOT/SHOT1_5/mt_dnn_models/RobertaVoc/RobertaVoc2/ddi2013_dev.json
07/30/2021 09:12:04 SHOT/SHOT1_5/mt_dnn_models/RobertaVoc/RobertaVoc2/ddi2013_test.json
07/30/2021 09:12:05 Task i2b2
07/30/2021 09:12:06 SHOT/SHOT1_5/mt_dnn_models/RobertaVoc/RobertaVoc2/i2b2_train.json
07/30/2021 09:12:06 SHOT/SHOT1_5/mt_dnn_models/RobertaVoc/RobertaVoc2/i2b2_dev.json
07/30/2021 09:12:07 SHOT/SHOT1_5/mt_dnn_models/RobertaVoc/RobertaVoc2/i2b2_test.json
07/30/2021 09:12:22 Task chemprot
07/30/2021 09:12:22 SHOT/SHOT10_1/mt_dnn_models/RobertaVoc/RobertaVoc2/chemprot_train.json
07/30/2021 09:12:22 SHOT/SHOT10_1/mt_dnn_models/RobertaVoc/RobertaVoc2/chemprot_dev.json
07/30/2021 09:12:23 SHOT/SHOT10_1/mt_dnn_models/RobertaVoc/RobertaVoc2/chemprot_test.json
07/30/2021 09:12:27 Task ddi2013
07/30/2021 09:12:28 SHOT/SHOT10_1/mt_dnn_models/RobertaVoc/RobertaVoc2/ddi2013_train.json
07/30/2021 09:12:28 SHOT/SHOT10_1/mt_dnn_models/RobertaVoc/RobertaVoc2/ddi2013_dev.json
07/30/2021 09:12:29 SHOT/SHOT10_1/mt_dnn_models/RobertaVoc/RobertaVoc2/ddi2013_test.json
07/30/2021 09:12:30 Task i2b2
07/30/2021 09:12:31 SHOT/SHOT10_1/mt_dnn_models/RobertaVoc/RobertaVoc2/i2b2_train.json
07/30/2021 09:12:31 SHOT/SHOT10_1/mt_dnn_models/RobertaVoc/RobertaVoc2/i2b2_dev.json
07/30/2021 09:12:32 SHOT/SHOT10_1/mt_dnn_models/RobertaVoc/RobertaVoc2/i2b2_test.json
07/30/2021 09:13:04 Task chemprot
07/30/2021 09:13:05 SHOT/SHOT10_2/mt_dnn_models/RobertaVoc/RobertaVoc2/chemprot_train.json
07/30/2021 09:13:05 SHOT/SHOT10_2/mt_dnn_models/RobertaVoc/RobertaVoc2/chemprot_dev.json
07/30/2021 09:13:06 SHOT/SHOT10_2/mt_dnn_models/RobertaVoc/RobertaVoc2/chemprot_test.json
07/30/2021 09:13:10 Task ddi2013
07/30/2021 09:13:10 SHOT/SHOT10_2/mt_dnn_models/RobertaVoc/RobertaVoc2/ddi2013_train.json
07/30/2021 09:13:11 SHOT/SHOT10_2/mt_dnn_models/RobertaVoc/RobertaVoc2/ddi2013_dev.json
07/30/2021 09:13:11 SHOT/SHOT10_2/mt_dnn_models/RobertaVoc/RobertaVoc2/ddi2013_test.json
07/30/2021 09:13:13 Task i2b2
07/30/2021 09:13:13 SHOT/SHOT10_2/mt_dnn_models/RobertaVoc/RobertaVoc2/i2b2_train.json
07/30/2021 09:13:14 SHOT/SHOT10_2/mt_dnn_models/RobertaVoc/RobertaVoc2/i2b2_dev.json
07/30/2021 09:13:14 SHOT/SHOT10_2/mt_dnn_models/RobertaVoc/RobertaVoc2/i2b2_test.json
07/30/2021 09:13:29 Task chemprot
07/30/2021 09:13:30 SHOT/SHOT10_3/mt_dnn_models/RobertaVoc/RobertaVoc2/chemprot_train.json
07/30/2021 09:13:30 SHOT/SHOT10_3/mt_dnn_models/RobertaVoc/RobertaVoc2/chemprot_dev.json
07/30/2021 09:13:31 SHOT/SHOT10_3/mt_dnn_models/RobertaVoc/RobertaVoc2/chemprot_test.json
07/30/2021 09:13:35 Task ddi2013
07/30/2021 09:13:36 SHOT/SHOT10_3/mt_dnn_models/RobertaVoc/RobertaVoc2/ddi2013_train.json
07/30/2021 09:13:36 SHOT/SHOT10_3/mt_dnn_models/RobertaVoc/RobertaVoc2/ddi2013_dev.json
07/30/2021 09:13:37 SHOT/SHOT10_3/mt_dnn_models/RobertaVoc/RobertaVoc2/ddi2013_test.json
07/30/2021 09:13:38 Task i2b2
07/30/2021 09:13:39 SHOT/SHOT10_3/mt_dnn_models/RobertaVoc/RobertaVoc2/i2b2_train.json
07/30/2021 09:13:39 SHOT/SHOT10_3/mt_dnn_models/RobertaVoc/RobertaVoc2/i2b2_dev.json
07/30/2021 09:13:40 SHOT/SHOT10_3/mt_dnn_models/RobertaVoc/RobertaVoc2/i2b2_test.json
07/30/2021 09:13:55 Task chemprot
07/30/2021 09:13:56 SHOT/SHOT10_4/mt_dnn_models/RobertaVoc/RobertaVoc2/chemprot_train.json
07/30/2021 09:13:56 SHOT/SHOT10_4/mt_dnn_models/RobertaVoc/RobertaVoc2/chemprot_dev.json
07/30/2021 09:13:57 SHOT/SHOT10_4/mt_dnn_models/RobertaVoc/RobertaVoc2/chemprot_test.json
07/30/2021 09:14:01 Task ddi2013
07/30/2021 09:14:02 SHOT/SHOT10_4/mt_dnn_models/RobertaVoc/RobertaVoc2/ddi2013_train.json
07/30/2021 09:14:02 SHOT/SHOT10_4/mt_dnn_models/RobertaVoc/RobertaVoc2/ddi2013_dev.json
07/30/2021 09:14:03 SHOT/SHOT10_4/mt_dnn_models/RobertaVoc/RobertaVoc2/ddi2013_test.json
07/30/2021 09:14:04 Task i2b2
07/30/2021 09:14:04 SHOT/SHOT10_4/mt_dnn_models/RobertaVoc/RobertaVoc2/i2b2_train.json
07/30/2021 09:14:05 SHOT/SHOT10_4/mt_dnn_models/RobertaVoc/RobertaVoc2/i2b2_dev.json
07/30/2021 09:14:06 SHOT/SHOT10_4/mt_dnn_models/RobertaVoc/RobertaVoc2/i2b2_test.json
07/30/2021 09:14:21 Task chemprot
07/30/2021 09:14:21 SHOT/SHOT10_5/mt_dnn_models/RobertaVoc/RobertaVoc2/chemprot_train.json
07/30/2021 09:14:21 SHOT/SHOT10_5/mt_dnn_models/RobertaVoc/RobertaVoc2/chemprot_dev.json
07/30/2021 09:14:22 SHOT/SHOT10_5/mt_dnn_models/RobertaVoc/RobertaVoc2/chemprot_test.json
07/30/2021 09:14:26 Task ddi2013
07/30/2021 09:14:27 SHOT/SHOT10_5/mt_dnn_models/RobertaVoc/RobertaVoc2/ddi2013_train.json
07/30/2021 09:14:27 SHOT/SHOT10_5/mt_dnn_models/RobertaVoc/RobertaVoc2/ddi2013_dev.json
07/30/2021 09:14:28 SHOT/SHOT10_5/mt_dnn_models/RobertaVoc/RobertaVoc2/ddi2013_test.json
07/30/2021 09:14:29 Task i2b2
07/30/2021 09:14:29 SHOT/SHOT10_5/mt_dnn_models/RobertaVoc/RobertaVoc2/i2b2_train.json
07/30/2021 09:14:30 SHOT/SHOT10_5/mt_dnn_models/RobertaVoc/RobertaVoc2/i2b2_dev.json
07/30/2021 09:14:31 SHOT/SHOT10_5/mt_dnn_models/RobertaVoc/RobertaVoc2/i2b2_test.json
07/30/2021 09:14:48 Task chemprot
07/30/2021 09:14:48 SHOT/SHOT50_1/mt_dnn_models/RobertaVoc/RobertaVoc2/chemprot_train.json
07/30/2021 09:14:49 SHOT/SHOT50_1/mt_dnn_models/RobertaVoc/RobertaVoc2/chemprot_dev.json
07/30/2021 09:14:49 SHOT/SHOT50_1/mt_dnn_models/RobertaVoc/RobertaVoc2/chemprot_test.json
07/30/2021 09:14:54 Task ddi2013
07/30/2021 09:14:54 SHOT/SHOT50_1/mt_dnn_models/RobertaVoc/RobertaVoc2/ddi2013_train.json
07/30/2021 09:14:54 SHOT/SHOT50_1/mt_dnn_models/RobertaVoc/RobertaVoc2/ddi2013_dev.json
07/30/2021 09:14:55 SHOT/SHOT50_1/mt_dnn_models/RobertaVoc/RobertaVoc2/ddi2013_test.json
07/30/2021 09:14:56 Task i2b2
07/30/2021 09:14:57 SHOT/SHOT50_1/mt_dnn_models/RobertaVoc/RobertaVoc2/i2b2_train.json
07/30/2021 09:14:57 SHOT/SHOT50_1/mt_dnn_models/RobertaVoc/RobertaVoc2/i2b2_dev.json
07/30/2021 09:14:58 SHOT/SHOT50_1/mt_dnn_models/RobertaVoc/RobertaVoc2/i2b2_test.json
07/30/2021 09:15:13 Task chemprot
07/30/2021 09:15:13 SHOT/SHOT50_2/mt_dnn_models/RobertaVoc/RobertaVoc2/chemprot_train.json
07/30/2021 09:15:14 SHOT/SHOT50_2/mt_dnn_models/RobertaVoc/RobertaVoc2/chemprot_dev.json
07/30/2021 09:15:15 SHOT/SHOT50_2/mt_dnn_models/RobertaVoc/RobertaVoc2/chemprot_test.json
07/30/2021 09:15:19 Task ddi2013
07/30/2021 09:15:19 SHOT/SHOT50_2/mt_dnn_models/RobertaVoc/RobertaVoc2/ddi2013_train.json
07/30/2021 09:15:20 SHOT/SHOT50_2/mt_dnn_models/RobertaVoc/RobertaVoc2/ddi2013_dev.json
07/30/2021 09:15:20 SHOT/SHOT50_2/mt_dnn_models/RobertaVoc/RobertaVoc2/ddi2013_test.json
07/30/2021 09:15:22 Task i2b2
07/30/2021 09:15:22 SHOT/SHOT50_2/mt_dnn_models/RobertaVoc/RobertaVoc2/i2b2_train.json
07/30/2021 09:15:23 SHOT/SHOT50_2/mt_dnn_models/RobertaVoc/RobertaVoc2/i2b2_dev.json
07/30/2021 09:15:24 SHOT/SHOT50_2/mt_dnn_models/RobertaVoc/RobertaVoc2/i2b2_test.json
07/30/2021 09:15:38 Task chemprot
07/30/2021 09:15:39 SHOT/SHOT50_3/mt_dnn_models/RobertaVoc/RobertaVoc2/chemprot_train.json
07/30/2021 09:15:39 SHOT/SHOT50_3/mt_dnn_models/RobertaVoc/RobertaVoc2/chemprot_dev.json
07/30/2021 09:15:40 SHOT/SHOT50_3/mt_dnn_models/RobertaVoc/RobertaVoc2/chemprot_test.json
07/30/2021 09:15:45 Task ddi2013
07/30/2021 09:15:45 SHOT/SHOT50_3/mt_dnn_models/RobertaVoc/RobertaVoc2/ddi2013_train.json
07/30/2021 09:15:45 SHOT/SHOT50_3/mt_dnn_models/RobertaVoc/RobertaVoc2/ddi2013_dev.json
07/30/2021 09:15:46 SHOT/SHOT50_3/mt_dnn_models/RobertaVoc/RobertaVoc2/ddi2013_test.json
07/30/2021 09:15:48 Task i2b2
07/30/2021 09:15:48 SHOT/SHOT50_3/mt_dnn_models/RobertaVoc/RobertaVoc2/i2b2_train.json
07/30/2021 09:15:48 SHOT/SHOT50_3/mt_dnn_models/RobertaVoc/RobertaVoc2/i2b2_dev.json
07/30/2021 09:15:49 SHOT/SHOT50_3/mt_dnn_models/RobertaVoc/RobertaVoc2/i2b2_test.json
07/30/2021 09:16:04 Task chemprot
07/30/2021 09:16:04 SHOT/SHOT50_4/mt_dnn_models/RobertaVoc/RobertaVoc2/chemprot_train.json
07/30/2021 09:16:05 SHOT/SHOT50_4/mt_dnn_models/RobertaVoc/RobertaVoc2/chemprot_dev.json
07/30/2021 09:16:05 SHOT/SHOT50_4/mt_dnn_models/RobertaVoc/RobertaVoc2/chemprot_test.json
07/30/2021 09:16:10 Task ddi2013
07/30/2021 09:16:10 SHOT/SHOT50_4/mt_dnn_models/RobertaVoc/RobertaVoc2/ddi2013_train.json
07/30/2021 09:16:11 SHOT/SHOT50_4/mt_dnn_models/RobertaVoc/RobertaVoc2/ddi2013_dev.json
07/30/2021 09:16:11 SHOT/SHOT50_4/mt_dnn_models/RobertaVoc/RobertaVoc2/ddi2013_test.json
07/30/2021 09:16:13 Task i2b2
07/30/2021 09:16:13 SHOT/SHOT50_4/mt_dnn_models/RobertaVoc/RobertaVoc2/i2b2_train.json
07/30/2021 09:16:14 SHOT/SHOT50_4/mt_dnn_models/RobertaVoc/RobertaVoc2/i2b2_dev.json
07/30/2021 09:16:15 SHOT/SHOT50_4/mt_dnn_models/RobertaVoc/RobertaVoc2/i2b2_test.json
07/30/2021 09:16:29 Task chemprot
07/30/2021 09:16:29 SHOT/SHOT50_5/mt_dnn_models/RobertaVoc/RobertaVoc2/chemprot_train.json
07/30/2021 09:16:30 SHOT/SHOT50_5/mt_dnn_models/RobertaVoc/RobertaVoc2/chemprot_dev.json
07/30/2021 09:16:30 SHOT/SHOT50_5/mt_dnn_models/RobertaVoc/RobertaVoc2/chemprot_test.json
07/30/2021 09:16:35 Task ddi2013
07/30/2021 09:16:35 SHOT/SHOT50_5/mt_dnn_models/RobertaVoc/RobertaVoc2/ddi2013_train.json
07/30/2021 09:16:35 SHOT/SHOT50_5/mt_dnn_models/RobertaVoc/RobertaVoc2/ddi2013_dev.json
07/30/2021 09:16:36 SHOT/SHOT50_5/mt_dnn_models/RobertaVoc/RobertaVoc2/ddi2013_test.json
07/30/2021 09:16:38 Task i2b2
07/30/2021 09:16:38 SHOT/SHOT50_5/mt_dnn_models/RobertaVoc/RobertaVoc2/i2b2_train.json
07/30/2021 09:16:38 SHOT/SHOT50_5/mt_dnn_models/RobertaVoc/RobertaVoc2/i2b2_dev.json
07/30/2021 09:16:39 SHOT/SHOT50_5/mt_dnn_models/RobertaVoc/RobertaVoc2/i2b2_test.json
07/30/2021 09:16:54 Task chemprot
07/30/2021 09:16:55 SHOT/SHOT100_1/mt_dnn_models/RobertaVoc/RobertaVoc2/chemprot_train.json
07/30/2021 09:16:55 SHOT/SHOT100_1/mt_dnn_models/RobertaVoc/RobertaVoc2/chemprot_dev.json
07/30/2021 09:16:56 SHOT/SHOT100_1/mt_dnn_models/RobertaVoc/RobertaVoc2/chemprot_test.json
07/30/2021 09:17:00 Task ddi2013
07/30/2021 09:17:01 SHOT/SHOT100_1/mt_dnn_models/RobertaVoc/RobertaVoc2/ddi2013_train.json
07/30/2021 09:17:01 SHOT/SHOT100_1/mt_dnn_models/RobertaVoc/RobertaVoc2/ddi2013_dev.json
07/30/2021 09:17:02 SHOT/SHOT100_1/mt_dnn_models/RobertaVoc/RobertaVoc2/ddi2013_test.json
07/30/2021 09:17:04 Task i2b2
07/30/2021 09:17:04 SHOT/SHOT100_1/mt_dnn_models/RobertaVoc/RobertaVoc2/i2b2_train.json
07/30/2021 09:17:05 SHOT/SHOT100_1/mt_dnn_models/RobertaVoc/RobertaVoc2/i2b2_dev.json
07/30/2021 09:17:06 SHOT/SHOT100_1/mt_dnn_models/RobertaVoc/RobertaVoc2/i2b2_test.json
07/30/2021 09:17:20 Task chemprot
07/30/2021 09:17:21 SHOT/SHOT100_2/mt_dnn_models/RobertaVoc/RobertaVoc2/chemprot_train.json
07/30/2021 09:17:21 SHOT/SHOT100_2/mt_dnn_models/RobertaVoc/RobertaVoc2/chemprot_dev.json
07/30/2021 09:17:22 SHOT/SHOT100_2/mt_dnn_models/RobertaVoc/RobertaVoc2/chemprot_test.json
07/30/2021 09:17:26 Task ddi2013
07/30/2021 09:17:27 SHOT/SHOT100_2/mt_dnn_models/RobertaVoc/RobertaVoc2/ddi2013_train.json
07/30/2021 09:17:27 SHOT/SHOT100_2/mt_dnn_models/RobertaVoc/RobertaVoc2/ddi2013_dev.json
07/30/2021 09:17:28 SHOT/SHOT100_2/mt_dnn_models/RobertaVoc/RobertaVoc2/ddi2013_test.json
07/30/2021 09:17:30 Task i2b2
07/30/2021 09:17:30 SHOT/SHOT100_2/mt_dnn_models/RobertaVoc/RobertaVoc2/i2b2_train.json
07/30/2021 09:17:31 SHOT/SHOT100_2/mt_dnn_models/RobertaVoc/RobertaVoc2/i2b2_dev.json
07/30/2021 09:17:32 SHOT/SHOT100_2/mt_dnn_models/RobertaVoc/RobertaVoc2/i2b2_test.json
07/30/2021 09:17:47 Task chemprot
07/30/2021 09:17:47 SHOT/SHOT100_3/mt_dnn_models/RobertaVoc/RobertaVoc2/chemprot_train.json
07/30/2021 09:17:48 SHOT/SHOT100_3/mt_dnn_models/RobertaVoc/RobertaVoc2/chemprot_dev.json
07/30/2021 09:17:49 SHOT/SHOT100_3/mt_dnn_models/RobertaVoc/RobertaVoc2/chemprot_test.json
07/30/2021 09:17:53 Task ddi2013
07/30/2021 09:17:53 SHOT/SHOT100_3/mt_dnn_models/RobertaVoc/RobertaVoc2/ddi2013_train.json
07/30/2021 09:17:54 SHOT/SHOT100_3/mt_dnn_models/RobertaVoc/RobertaVoc2/ddi2013_dev.json
07/30/2021 09:17:54 SHOT/SHOT100_3/mt_dnn_models/RobertaVoc/RobertaVoc2/ddi2013_test.json
07/30/2021 09:17:56 Task i2b2
07/30/2021 09:17:56 SHOT/SHOT100_3/mt_dnn_models/RobertaVoc/RobertaVoc2/i2b2_train.json
07/30/2021 09:17:57 SHOT/SHOT100_3/mt_dnn_models/RobertaVoc/RobertaVoc2/i2b2_dev.json
07/30/2021 09:17:58 SHOT/SHOT100_3/mt_dnn_models/RobertaVoc/RobertaVoc2/i2b2_test.json
07/30/2021 09:18:13 Task chemprot
07/30/2021 09:18:13 SHOT/SHOT100_4/mt_dnn_models/RobertaVoc/RobertaVoc2/chemprot_train.json
07/30/2021 09:18:14 SHOT/SHOT100_4/mt_dnn_models/RobertaVoc/RobertaVoc2/chemprot_dev.json
07/30/2021 09:18:14 SHOT/SHOT100_4/mt_dnn_models/RobertaVoc/RobertaVoc2/chemprot_test.json
07/30/2021 09:18:19 Task ddi2013
07/30/2021 09:18:19 SHOT/SHOT100_4/mt_dnn_models/RobertaVoc/RobertaVoc2/ddi2013_train.json
07/30/2021 09:18:20 SHOT/SHOT100_4/mt_dnn_models/RobertaVoc/RobertaVoc2/ddi2013_dev.json
07/30/2021 09:18:20 SHOT/SHOT100_4/mt_dnn_models/RobertaVoc/RobertaVoc2/ddi2013_test.json
07/30/2021 09:18:22 Task i2b2
07/30/2021 09:18:22 SHOT/SHOT100_4/mt_dnn_models/RobertaVoc/RobertaVoc2/i2b2_train.json
07/30/2021 09:18:23 SHOT/SHOT100_4/mt_dnn_models/RobertaVoc/RobertaVoc2/i2b2_dev.json
07/30/2021 09:18:24 SHOT/SHOT100_4/mt_dnn_models/RobertaVoc/RobertaVoc2/i2b2_test.json
07/30/2021 09:18:44 Task chemprot
07/30/2021 09:18:45 SHOT/SHOT100_5/mt_dnn_models/RobertaVoc/RobertaVoc2/chemprot_train.json
07/30/2021 09:18:45 SHOT/SHOT100_5/mt_dnn_models/RobertaVoc/RobertaVoc2/chemprot_dev.json
07/30/2021 09:18:46 SHOT/SHOT100_5/mt_dnn_models/RobertaVoc/RobertaVoc2/chemprot_test.json
07/30/2021 09:18:50 Task ddi2013
07/30/2021 09:18:51 SHOT/SHOT100_5/mt_dnn_models/RobertaVoc/RobertaVoc2/ddi2013_train.json
07/30/2021 09:18:51 SHOT/SHOT100_5/mt_dnn_models/RobertaVoc/RobertaVoc2/ddi2013_dev.json
07/30/2021 09:18:52 SHOT/SHOT100_5/mt_dnn_models/RobertaVoc/RobertaVoc2/ddi2013_test.json
07/30/2021 09:18:53 Task i2b2
07/30/2021 09:18:54 SHOT/SHOT100_5/mt_dnn_models/RobertaVoc/RobertaVoc2/i2b2_train.json
07/30/2021 09:18:54 SHOT/SHOT100_5/mt_dnn_models/RobertaVoc/RobertaVoc2/i2b2_dev.json
07/30/2021 09:18:55 SHOT/SHOT100_5/mt_dnn_models/RobertaVoc/RobertaVoc2/i2b2_test.json
07/30/2021 09:19:11 Task chemprot
07/30/2021 09:19:11 SHOT/SHOT1000_1/mt_dnn_models/RobertaVoc/RobertaVoc2/chemprot_train.json
07/30/2021 09:19:12 SHOT/SHOT1000_1/mt_dnn_models/RobertaVoc/RobertaVoc2/chemprot_dev.json
07/30/2021 09:19:13 SHOT/SHOT1000_1/mt_dnn_models/RobertaVoc/RobertaVoc2/chemprot_test.json
07/30/2021 09:19:18 Task ddi2013
07/30/2021 09:19:18 SHOT/SHOT1000_1/mt_dnn_models/RobertaVoc/RobertaVoc2/ddi2013_train.json
07/30/2021 09:19:20 SHOT/SHOT1000_1/mt_dnn_models/RobertaVoc/RobertaVoc2/ddi2013_dev.json
07/30/2021 09:19:20 SHOT/SHOT1000_1/mt_dnn_models/RobertaVoc/RobertaVoc2/ddi2013_test.json
07/30/2021 09:19:22 Task i2b2
07/30/2021 09:19:22 SHOT/SHOT1000_1/mt_dnn_models/RobertaVoc/RobertaVoc2/i2b2_train.json
07/30/2021 09:19:23 SHOT/SHOT1000_1/mt_dnn_models/RobertaVoc/RobertaVoc2/i2b2_dev.json
07/30/2021 09:19:24 SHOT/SHOT1000_1/mt_dnn_models/RobertaVoc/RobertaVoc2/i2b2_test.json
07/30/2021 09:19:41 Task chemprot
07/30/2021 09:19:42 SHOT/SHOT1000_2/mt_dnn_models/RobertaVoc/RobertaVoc2/chemprot_train.json
07/30/2021 09:19:43 SHOT/SHOT1000_2/mt_dnn_models/RobertaVoc/RobertaVoc2/chemprot_dev.json
07/30/2021 09:19:44 SHOT/SHOT1000_2/mt_dnn_models/RobertaVoc/RobertaVoc2/chemprot_test.json
07/30/2021 09:19:48 Task ddi2013
07/30/2021 09:19:49 SHOT/SHOT1000_2/mt_dnn_models/RobertaVoc/RobertaVoc2/ddi2013_train.json
07/30/2021 09:19:50 SHOT/SHOT1000_2/mt_dnn_models/RobertaVoc/RobertaVoc2/ddi2013_dev.json
07/30/2021 09:19:51 SHOT/SHOT1000_2/mt_dnn_models/RobertaVoc/RobertaVoc2/ddi2013_test.json
07/30/2021 09:19:52 Task i2b2
07/30/2021 09:19:53 SHOT/SHOT1000_2/mt_dnn_models/RobertaVoc/RobertaVoc2/i2b2_train.json
07/30/2021 09:19:54 SHOT/SHOT1000_2/mt_dnn_models/RobertaVoc/RobertaVoc2/i2b2_dev.json
07/30/2021 09:19:55 SHOT/SHOT1000_2/mt_dnn_models/RobertaVoc/RobertaVoc2/i2b2_test.json
07/30/2021 09:20:10 Task chemprot
07/30/2021 09:20:11 SHOT/SHOT1000_3/mt_dnn_models/RobertaVoc/RobertaVoc2/chemprot_train.json
07/30/2021 09:20:12 SHOT/SHOT1000_3/mt_dnn_models/RobertaVoc/RobertaVoc2/chemprot_dev.json
07/30/2021 09:20:13 SHOT/SHOT1000_3/mt_dnn_models/RobertaVoc/RobertaVoc2/chemprot_test.json
07/30/2021 09:20:17 Task ddi2013
07/30/2021 09:20:18 SHOT/SHOT1000_3/mt_dnn_models/RobertaVoc/RobertaVoc2/ddi2013_train.json
07/30/2021 09:20:19 SHOT/SHOT1000_3/mt_dnn_models/RobertaVoc/RobertaVoc2/ddi2013_dev.json
07/30/2021 09:20:20 SHOT/SHOT1000_3/mt_dnn_models/RobertaVoc/RobertaVoc2/ddi2013_test.json
07/30/2021 09:20:21 Task i2b2
07/30/2021 09:20:22 SHOT/SHOT1000_3/mt_dnn_models/RobertaVoc/RobertaVoc2/i2b2_train.json
07/30/2021 09:20:23 SHOT/SHOT1000_3/mt_dnn_models/RobertaVoc/RobertaVoc2/i2b2_dev.json
07/30/2021 09:20:24 SHOT/SHOT1000_3/mt_dnn_models/RobertaVoc/RobertaVoc2/i2b2_test.json
07/30/2021 09:20:39 Task chemprot
07/30/2021 09:20:39 SHOT/SHOT1000_4/mt_dnn_models/RobertaVoc/RobertaVoc2/chemprot_train.json
07/30/2021 09:20:41 SHOT/SHOT1000_4/mt_dnn_models/RobertaVoc/RobertaVoc2/chemprot_dev.json
07/30/2021 09:20:41 SHOT/SHOT1000_4/mt_dnn_models/RobertaVoc/RobertaVoc2/chemprot_test.json
07/30/2021 09:20:47 Task ddi2013
07/30/2021 09:20:47 SHOT/SHOT1000_4/mt_dnn_models/RobertaVoc/RobertaVoc2/ddi2013_train.json
07/30/2021 09:20:48 SHOT/SHOT1000_4/mt_dnn_models/RobertaVoc/RobertaVoc2/ddi2013_dev.json
07/30/2021 09:20:49 SHOT/SHOT1000_4/mt_dnn_models/RobertaVoc/RobertaVoc2/ddi2013_test.json
07/30/2021 09:20:51 Task i2b2
07/30/2021 09:20:51 SHOT/SHOT1000_4/mt_dnn_models/RobertaVoc/RobertaVoc2/i2b2_train.json
07/30/2021 09:20:52 SHOT/SHOT1000_4/mt_dnn_models/RobertaVoc/RobertaVoc2/i2b2_dev.json
07/30/2021 09:20:53 SHOT/SHOT1000_4/mt_dnn_models/RobertaVoc/RobertaVoc2/i2b2_test.json
07/30/2021 09:21:08 Task chemprot
07/30/2021 09:21:09 SHOT/SHOT1000_5/mt_dnn_models/RobertaVoc/RobertaVoc2/chemprot_train.json
07/30/2021 09:21:10 SHOT/SHOT1000_5/mt_dnn_models/RobertaVoc/RobertaVoc2/chemprot_dev.json
07/30/2021 09:21:11 SHOT/SHOT1000_5/mt_dnn_models/RobertaVoc/RobertaVoc2/chemprot_test.json
07/30/2021 09:21:15 Task ddi2013
07/30/2021 09:21:16 SHOT/SHOT1000_5/mt_dnn_models/RobertaVoc/RobertaVoc2/ddi2013_train.json
07/30/2021 09:21:17 SHOT/SHOT1000_5/mt_dnn_models/RobertaVoc/RobertaVoc2/ddi2013_dev.json
07/30/2021 09:21:18 SHOT/SHOT1000_5/mt_dnn_models/RobertaVoc/RobertaVoc2/ddi2013_test.json
07/30/2021 09:21:19 Task i2b2
07/30/2021 09:21:20 SHOT/SHOT1000_5/mt_dnn_models/RobertaVoc/RobertaVoc2/i2b2_train.json
07/30/2021 09:21:21 SHOT/SHOT1000_5/mt_dnn_models/RobertaVoc/RobertaVoc2/i2b2_dev.json
07/30/2021 09:21:22 SHOT/SHOT1000_5/mt_dnn_models/RobertaVoc/RobertaVoc2/i2b2_test.json
08/01/2021 04:24:33 Task chemprot
08/01/2021 04:24:34 SHOT/SHOT5000_1/mt_dnn_models/RobertaVoc/RobertaVoc2/chemprot_train.json
08/01/2021 04:24:36 SHOT/SHOT5000_1/mt_dnn_models/RobertaVoc/RobertaVoc2/chemprot_dev.json
08/01/2021 04:24:37 SHOT/SHOT5000_1/mt_dnn_models/RobertaVoc/RobertaVoc2/chemprot_test.json
08/01/2021 04:24:42 Task ddi2013
08/01/2021 04:24:42 SHOT/SHOT5000_1/mt_dnn_models/RobertaVoc/RobertaVoc2/ddi2013_train.json
08/01/2021 04:24:45 SHOT/SHOT5000_1/mt_dnn_models/RobertaVoc/RobertaVoc2/ddi2013_dev.json
08/01/2021 04:24:45 SHOT/SHOT5000_1/mt_dnn_models/RobertaVoc/RobertaVoc2/ddi2013_test.json
08/01/2021 04:24:47 Task i2b2
08/01/2021 04:24:47 SHOT/SHOT5000_1/mt_dnn_models/RobertaVoc/RobertaVoc2/i2b2_train.json
08/01/2021 04:24:49 SHOT/SHOT5000_1/mt_dnn_models/RobertaVoc/RobertaVoc2/i2b2_dev.json
08/01/2021 04:24:50 SHOT/SHOT5000_1/mt_dnn_models/RobertaVoc/RobertaVoc2/i2b2_test.json
08/02/2021 09:51:05 Task chemprot
08/02/2021 09:51:06 SHOT/SHOT5000_2/mt_dnn_models/RobertaVoc/RobertaVoc2/chemprot_train.json
08/02/2021 09:51:08 File %s doesnot exit
08/02/2021 09:52:24 Task chemprot
08/02/2021 09:52:24 SHOT/SHOT5000_2/mt_dnn_models/RobertaVoc/RobertaVoc2/chemprot_train.json
08/02/2021 09:52:27 SHOT/SHOT5000_2/mt_dnn_models/RobertaVoc/RobertaVoc2/chemprot_dev.json
08/02/2021 09:52:28 SHOT/SHOT5000_2/mt_dnn_models/RobertaVoc/RobertaVoc2/chemprot_test.json
08/02/2021 09:52:32 Task ddi2013
08/02/2021 09:52:32 SHOT/SHOT5000_2/mt_dnn_models/RobertaVoc/RobertaVoc2/ddi2013_train.json
08/02/2021 09:52:35 SHOT/SHOT5000_2/mt_dnn_models/RobertaVoc/RobertaVoc2/ddi2013_dev.json
08/02/2021 09:52:36 SHOT/SHOT5000_2/mt_dnn_models/RobertaVoc/RobertaVoc2/ddi2013_test.json
08/02/2021 09:52:37 Task i2b2
08/02/2021 09:52:38 SHOT/SHOT5000_2/mt_dnn_models/RobertaVoc/RobertaVoc2/i2b2_train.json
08/02/2021 09:52:40 SHOT/SHOT5000_2/mt_dnn_models/RobertaVoc/RobertaVoc2/i2b2_dev.json
08/02/2021 09:52:42 SHOT/SHOT5000_2/mt_dnn_models/RobertaVoc/RobertaVoc2/i2b2_test.json
08/02/2021 01:34:00 Task chemprot
08/02/2021 01:34:00 File %s doesnot exit
08/02/2021 01:34:45 Task chemprot
08/02/2021 01:34:45 SHOT/SHOT5000_3/mt_dnn_models/RobertaVoc/RobertaVoc2/chemprot_train.json
08/02/2021 01:34:47 SHOT/SHOT5000_3/mt_dnn_models/RobertaVoc/RobertaVoc2/chemprot_dev.json
08/02/2021 01:34:48 SHOT/SHOT5000_3/mt_dnn_models/RobertaVoc/RobertaVoc2/chemprot_test.json
08/02/2021 01:34:52 Task ddi2013
08/02/2021 01:34:52 SHOT/SHOT5000_3/mt_dnn_models/RobertaVoc/RobertaVoc2/ddi2013_train.json
08/02/2021 01:34:55 SHOT/SHOT5000_3/mt_dnn_models/RobertaVoc/RobertaVoc2/ddi2013_dev.json
08/02/2021 01:34:56 SHOT/SHOT5000_3/mt_dnn_models/RobertaVoc/RobertaVoc2/ddi2013_test.json
08/02/2021 01:34:57 Task i2b2
08/02/2021 01:34:57 SHOT/SHOT5000_3/mt_dnn_models/RobertaVoc/RobertaVoc2/i2b2_train.json
08/02/2021 01:34:59 SHOT/SHOT5000_3/mt_dnn_models/RobertaVoc/RobertaVoc2/i2b2_dev.json
08/02/2021 01:35:00 SHOT/SHOT5000_3/mt_dnn_models/RobertaVoc/RobertaVoc2/i2b2_test.json
08/02/2021 04:08:32 Task chemprot
08/02/2021 04:08:33 SHOT/SHOT10000_1/mt_dnn_models/RobertaVoc/RobertaVoc2/chemprot_train.json
08/02/2021 04:08:37 SHOT/SHOT10000_1/mt_dnn_models/RobertaVoc/RobertaVoc2/chemprot_dev.json
08/02/2021 04:08:38 SHOT/SHOT10000_1/mt_dnn_models/RobertaVoc/RobertaVoc2/chemprot_test.json
08/02/2021 04:08:43 Task ddi2013
08/02/2021 04:08:44 SHOT/SHOT10000_1/mt_dnn_models/RobertaVoc/RobertaVoc2/ddi2013_train.json
08/02/2021 04:08:48 SHOT/SHOT10000_1/mt_dnn_models/RobertaVoc/RobertaVoc2/ddi2013_dev.json
08/02/2021 04:08:49 SHOT/SHOT10000_1/mt_dnn_models/RobertaVoc/RobertaVoc2/ddi2013_test.json
08/02/2021 04:08:51 Task i2b2
08/02/2021 04:08:51 SHOT/SHOT10000_1/mt_dnn_models/RobertaVoc/RobertaVoc2/i2b2_train.json
08/02/2021 04:08:55 SHOT/SHOT10000_1/mt_dnn_models/RobertaVoc/RobertaVoc2/i2b2_dev.json
08/02/2021 04:08:57 SHOT/SHOT10000_1/mt_dnn_models/RobertaVoc/RobertaVoc2/i2b2_test.json
08/02/2021 07:08:24 Task chemprot
08/02/2021 07:08:25 SHOT/SHOT10000_2/mt_dnn_models/RobertaVoc/RobertaVoc2/chemprot_train.json
08/02/2021 07:08:29 SHOT/SHOT10000_2/mt_dnn_models/RobertaVoc/RobertaVoc2/chemprot_dev.json
08/02/2021 07:08:30 SHOT/SHOT10000_2/mt_dnn_models/RobertaVoc/RobertaVoc2/chemprot_test.json
08/02/2021 07:08:35 Task ddi2013
08/02/2021 07:08:36 SHOT/SHOT10000_2/mt_dnn_models/RobertaVoc/RobertaVoc2/ddi2013_train.json
08/02/2021 07:08:40 SHOT/SHOT10000_2/mt_dnn_models/RobertaVoc/RobertaVoc2/ddi2013_dev.json
08/02/2021 07:08:41 SHOT/SHOT10000_2/mt_dnn_models/RobertaVoc/RobertaVoc2/ddi2013_test.json
08/02/2021 07:08:42 Task i2b2
08/02/2021 07:08:43 SHOT/SHOT10000_2/mt_dnn_models/RobertaVoc/RobertaVoc2/i2b2_train.json
08/02/2021 07:08:48 SHOT/SHOT10000_2/mt_dnn_models/RobertaVoc/RobertaVoc2/i2b2_dev.json
08/02/2021 07:08:49 SHOT/SHOT10000_2/mt_dnn_models/RobertaVoc/RobertaVoc2/i2b2_test.json
08/19/2021 06:13:04 Task chemprot
08/19/2021 06:13:05 SHOT/SHOT10000_3/mt_dnn_models/RobertaVoc/RobertaVoc2/chemprot_train.json
08/19/2021 06:13:09 SHOT/SHOT10000_3/mt_dnn_models/RobertaVoc/RobertaVoc2/chemprot_dev.json
08/19/2021 06:13:10 SHOT/SHOT10000_3/mt_dnn_models/RobertaVoc/RobertaVoc2/chemprot_test.json
08/19/2021 06:13:15 Task ddi2013
08/19/2021 06:13:15 SHOT/SHOT10000_3/mt_dnn_models/RobertaVoc/RobertaVoc2/ddi2013_train.json
08/19/2021 06:13:20 SHOT/SHOT10000_3/mt_dnn_models/RobertaVoc/RobertaVoc2/ddi2013_dev.json
08/19/2021 06:13:20 SHOT/SHOT10000_3/mt_dnn_models/RobertaVoc/RobertaVoc2/ddi2013_test.json
08/19/2021 06:13:22 Task i2b2
08/19/2021 06:13:22 SHOT/SHOT10000_3/mt_dnn_models/RobertaVoc/RobertaVoc2/i2b2_train.json
08/19/2021 06:13:26 SHOT/SHOT10000_3/mt_dnn_models/RobertaVoc/RobertaVoc2/i2b2_dev.json
08/19/2021 06:13:27 SHOT/SHOT10000_3/mt_dnn_models/RobertaVoc/RobertaVoc2/i2b2_test.json
08/19/2021 07:03:06 Task chemprot
08/19/2021 07:03:06 SHOT/SHOT10000_3/mt_dnn_models/RobertaVoc/RobertaVoc2/chemprot_train.json
08/19/2021 07:03:10 SHOT/SHOT10000_3/mt_dnn_models/RobertaVoc/RobertaVoc2/chemprot_dev.json
08/19/2021 07:03:10 SHOT/SHOT10000_3/mt_dnn_models/RobertaVoc/RobertaVoc2/chemprot_test.json
08/19/2021 07:03:15 Task ddi2013
08/19/2021 07:03:15 SHOT/SHOT10000_3/mt_dnn_models/RobertaVoc/RobertaVoc2/ddi2013_train.json
08/19/2021 07:03:19 SHOT/SHOT10000_3/mt_dnn_models/RobertaVoc/RobertaVoc2/ddi2013_dev.json
08/19/2021 07:03:19 SHOT/SHOT10000_3/mt_dnn_models/RobertaVoc/RobertaVoc2/ddi2013_test.json
08/19/2021 07:03:21 Task i2b2
08/19/2021 07:03:21 SHOT/SHOT10000_3/mt_dnn_models/RobertaVoc/RobertaVoc2/i2b2_train.json
08/19/2021 07:03:25 SHOT/SHOT10000_3/mt_dnn_models/RobertaVoc/RobertaVoc2/i2b2_dev.json
08/19/2021 07:03:25 SHOT/SHOT10000_3/mt_dnn_models/RobertaVoc/RobertaVoc2/i2b2_test.json
08/19/2021 07:07:08 Task chemprot
08/19/2021 07:07:09 SHOT/SHOT10000_4/mt_dnn_models/RobertaVoc/RobertaVoc2/chemprot_train.json
08/19/2021 07:07:13 SHOT/SHOT10000_4/mt_dnn_models/RobertaVoc/RobertaVoc2/chemprot_dev.json
08/19/2021 07:07:13 SHOT/SHOT10000_4/mt_dnn_models/RobertaVoc/RobertaVoc2/chemprot_test.json
08/19/2021 07:07:18 Task ddi2013
08/19/2021 07:07:18 SHOT/SHOT10000_4/mt_dnn_models/RobertaVoc/RobertaVoc2/ddi2013_train.json
08/19/2021 07:07:23 SHOT/SHOT10000_4/mt_dnn_models/RobertaVoc/RobertaVoc2/ddi2013_dev.json
08/19/2021 07:07:23 SHOT/SHOT10000_4/mt_dnn_models/RobertaVoc/RobertaVoc2/ddi2013_test.json
08/19/2021 07:07:25 Task i2b2
08/19/2021 07:07:25 SHOT/SHOT10000_4/mt_dnn_models/RobertaVoc/RobertaVoc2/i2b2_train.json
08/19/2021 07:07:29 SHOT/SHOT10000_4/mt_dnn_models/RobertaVoc/RobertaVoc2/i2b2_dev.json
08/19/2021 07:07:30 SHOT/SHOT10000_4/mt_dnn_models/RobertaVoc/RobertaVoc2/i2b2_test.json
08/19/2021 07:08:07 Task chemprot
08/19/2021 07:08:07 SHOT/SHOT10000_5/mt_dnn_models/RobertaVoc/RobertaVoc2/chemprot_train.json
08/19/2021 07:08:11 SHOT/SHOT10000_5/mt_dnn_models/RobertaVoc/RobertaVoc2/chemprot_dev.json
08/19/2021 07:08:12 SHOT/SHOT10000_5/mt_dnn_models/RobertaVoc/RobertaVoc2/chemprot_test.json
08/19/2021 07:08:16 Task ddi2013
08/19/2021 07:08:17 SHOT/SHOT10000_5/mt_dnn_models/RobertaVoc/RobertaVoc2/ddi2013_train.json
08/19/2021 07:08:21 SHOT/SHOT10000_5/mt_dnn_models/RobertaVoc/RobertaVoc2/ddi2013_dev.json
08/19/2021 07:08:22 SHOT/SHOT10000_5/mt_dnn_models/RobertaVoc/RobertaVoc2/ddi2013_test.json
08/19/2021 07:08:23 Task i2b2
08/19/2021 07:08:24 SHOT/SHOT10000_5/mt_dnn_models/RobertaVoc/RobertaVoc2/i2b2_train.json
08/19/2021 07:08:27 SHOT/SHOT10000_5/mt_dnn_models/RobertaVoc/RobertaVoc2/i2b2_dev.json
08/19/2021 07:08:28 SHOT/SHOT10000_5/mt_dnn_models/RobertaVoc/RobertaVoc2/i2b2_test.json
08/24/2021 04:43:30 Task chemprot
08/24/2021 04:43:31 SHOT/SHOT1_1/dmis-lab/biobert-v1.1/chemprot_train.json
08/24/2021 04:43:31 SHOT/SHOT1_1/dmis-lab/biobert-v1.1/chemprot_dev.json
08/24/2021 04:43:32 SHOT/SHOT1_1/dmis-lab/biobert-v1.1/chemprot_test.json
08/24/2021 04:43:37 Task ddi2013
08/24/2021 04:43:37 SHOT/SHOT1_1/dmis-lab/biobert-v1.1/ddi2013_train.json
08/24/2021 04:43:38 SHOT/SHOT1_1/dmis-lab/biobert-v1.1/ddi2013_dev.json
08/24/2021 04:43:38 SHOT/SHOT1_1/dmis-lab/biobert-v1.1/ddi2013_test.json
08/24/2021 04:43:40 Task i2b2
08/24/2021 04:43:40 SHOT/SHOT1_1/dmis-lab/biobert-v1.1/i2b2_train.json
08/24/2021 04:43:41 SHOT/SHOT1_1/dmis-lab/biobert-v1.1/i2b2_dev.json
08/24/2021 04:43:42 SHOT/SHOT1_1/dmis-lab/biobert-v1.1/i2b2_test.json
08/24/2021 04:49:55 Task chemprot
08/24/2021 04:49:55 SHOT/SHOT1_2/dmis-lab/biobert-v1.1/chemprot_train.json
08/24/2021 04:49:56 SHOT/SHOT1_2/dmis-lab/biobert-v1.1/chemprot_dev.json
08/24/2021 04:49:56 SHOT/SHOT1_2/dmis-lab/biobert-v1.1/chemprot_test.json
08/24/2021 04:50:01 Task ddi2013
08/24/2021 04:50:01 SHOT/SHOT1_2/dmis-lab/biobert-v1.1/ddi2013_train.json
08/24/2021 04:50:02 SHOT/SHOT1_2/dmis-lab/biobert-v1.1/ddi2013_dev.json
08/24/2021 04:50:03 SHOT/SHOT1_2/dmis-lab/biobert-v1.1/ddi2013_test.json
08/24/2021 04:50:04 Task i2b2
08/24/2021 04:50:05 SHOT/SHOT1_2/dmis-lab/biobert-v1.1/i2b2_train.json
08/24/2021 04:50:05 SHOT/SHOT1_2/dmis-lab/biobert-v1.1/i2b2_dev.json
08/24/2021 04:50:06 SHOT/SHOT1_2/dmis-lab/biobert-v1.1/i2b2_test.json
08/24/2021 04:50:18 Task chemprot
08/24/2021 04:50:18 SHOT/SHOT1_3/dmis-lab/biobert-v1.1/chemprot_train.json
08/24/2021 04:50:19 SHOT/SHOT1_3/dmis-lab/biobert-v1.1/chemprot_dev.json
08/24/2021 04:50:19 SHOT/SHOT1_3/dmis-lab/biobert-v1.1/chemprot_test.json
08/24/2021 04:50:24 Task ddi2013
08/24/2021 04:50:24 SHOT/SHOT1_3/dmis-lab/biobert-v1.1/ddi2013_train.json
08/24/2021 04:50:25 SHOT/SHOT1_3/dmis-lab/biobert-v1.1/ddi2013_dev.json
08/24/2021 04:50:25 SHOT/SHOT1_3/dmis-lab/biobert-v1.1/ddi2013_test.json
08/24/2021 04:50:27 Task i2b2
08/24/2021 04:50:27 SHOT/SHOT1_3/dmis-lab/biobert-v1.1/i2b2_train.json
08/24/2021 04:50:28 SHOT/SHOT1_3/dmis-lab/biobert-v1.1/i2b2_dev.json
08/24/2021 04:50:29 SHOT/SHOT1_3/dmis-lab/biobert-v1.1/i2b2_test.json
08/24/2021 04:50:40 Task chemprot
08/24/2021 04:50:41 SHOT/SHOT1_4/dmis-lab/biobert-v1.1/chemprot_train.json
08/24/2021 04:50:41 SHOT/SHOT1_4/dmis-lab/biobert-v1.1/chemprot_dev.json
08/24/2021 04:50:42 SHOT/SHOT1_4/dmis-lab/biobert-v1.1/chemprot_test.json
08/24/2021 04:50:47 Task ddi2013
08/24/2021 04:50:47 SHOT/SHOT1_4/dmis-lab/biobert-v1.1/ddi2013_train.json
08/24/2021 04:50:48 SHOT/SHOT1_4/dmis-lab/biobert-v1.1/ddi2013_dev.json
08/24/2021 04:50:48 SHOT/SHOT1_4/dmis-lab/biobert-v1.1/ddi2013_test.json
08/24/2021 04:50:50 Task i2b2
08/24/2021 04:50:50 SHOT/SHOT1_4/dmis-lab/biobert-v1.1/i2b2_train.json
08/24/2021 04:50:51 SHOT/SHOT1_4/dmis-lab/biobert-v1.1/i2b2_dev.json
08/24/2021 04:50:51 SHOT/SHOT1_4/dmis-lab/biobert-v1.1/i2b2_test.json
08/24/2021 04:51:03 Task chemprot
08/24/2021 04:51:03 SHOT/SHOT1_5/dmis-lab/biobert-v1.1/chemprot_train.json
08/24/2021 04:51:04 SHOT/SHOT1_5/dmis-lab/biobert-v1.1/chemprot_dev.json
08/24/2021 04:51:04 SHOT/SHOT1_5/dmis-lab/biobert-v1.1/chemprot_test.json
08/24/2021 04:51:09 Task ddi2013
08/24/2021 04:51:09 SHOT/SHOT1_5/dmis-lab/biobert-v1.1/ddi2013_train.json
08/24/2021 04:51:10 SHOT/SHOT1_5/dmis-lab/biobert-v1.1/ddi2013_dev.json
08/24/2021 04:51:10 SHOT/SHOT1_5/dmis-lab/biobert-v1.1/ddi2013_test.json
08/24/2021 04:51:12 Task i2b2
08/24/2021 04:51:12 SHOT/SHOT1_5/dmis-lab/biobert-v1.1/i2b2_train.json
08/24/2021 04:51:13 SHOT/SHOT1_5/dmis-lab/biobert-v1.1/i2b2_dev.json
08/24/2021 04:51:14 SHOT/SHOT1_5/dmis-lab/biobert-v1.1/i2b2_test.json
08/24/2021 04:51:25 Task chemprot
08/24/2021 04:51:25 SHOT/SHOT10_1/dmis-lab/biobert-v1.1/chemprot_train.json
08/24/2021 04:51:26 SHOT/SHOT10_1/dmis-lab/biobert-v1.1/chemprot_dev.json
08/24/2021 04:51:27 SHOT/SHOT10_1/dmis-lab/biobert-v1.1/chemprot_test.json
08/24/2021 04:51:32 Task ddi2013
08/24/2021 04:51:32 SHOT/SHOT10_1/dmis-lab/biobert-v1.1/ddi2013_train.json
08/24/2021 04:51:32 SHOT/SHOT10_1/dmis-lab/biobert-v1.1/ddi2013_dev.json
08/24/2021 04:51:33 SHOT/SHOT10_1/dmis-lab/biobert-v1.1/ddi2013_test.json
08/24/2021 04:51:35 Task i2b2
08/24/2021 04:51:35 SHOT/SHOT10_1/dmis-lab/biobert-v1.1/i2b2_train.json
08/24/2021 04:51:35 SHOT/SHOT10_1/dmis-lab/biobert-v1.1/i2b2_dev.json
08/24/2021 04:51:36 SHOT/SHOT10_1/dmis-lab/biobert-v1.1/i2b2_test.json
08/24/2021 04:51:48 Task chemprot
08/24/2021 04:51:48 SHOT/SHOT10_2/dmis-lab/biobert-v1.1/chemprot_train.json
08/24/2021 04:51:48 SHOT/SHOT10_2/dmis-lab/biobert-v1.1/chemprot_dev.json
08/24/2021 04:51:49 SHOT/SHOT10_2/dmis-lab/biobert-v1.1/chemprot_test.json
08/24/2021 04:51:54 Task ddi2013
08/24/2021 04:51:54 SHOT/SHOT10_2/dmis-lab/biobert-v1.1/ddi2013_train.json
08/24/2021 04:51:55 SHOT/SHOT10_2/dmis-lab/biobert-v1.1/ddi2013_dev.json
08/24/2021 04:51:56 SHOT/SHOT10_2/dmis-lab/biobert-v1.1/ddi2013_test.json
08/24/2021 04:51:57 Task i2b2
08/24/2021 04:51:58 SHOT/SHOT10_2/dmis-lab/biobert-v1.1/i2b2_train.json
08/24/2021 04:51:58 SHOT/SHOT10_2/dmis-lab/biobert-v1.1/i2b2_dev.json
08/24/2021 04:51:59 SHOT/SHOT10_2/dmis-lab/biobert-v1.1/i2b2_test.json
08/24/2021 04:52:11 Task chemprot
08/24/2021 04:52:11 SHOT/SHOT10_3/dmis-lab/biobert-v1.1/chemprot_train.json
08/24/2021 04:52:11 SHOT/SHOT10_3/dmis-lab/biobert-v1.1/chemprot_dev.json
08/24/2021 04:52:12 SHOT/SHOT10_3/dmis-lab/biobert-v1.1/chemprot_test.json
08/24/2021 04:52:17 Task ddi2013
08/24/2021 04:52:17 SHOT/SHOT10_3/dmis-lab/biobert-v1.1/ddi2013_train.json
08/24/2021 04:52:18 SHOT/SHOT10_3/dmis-lab/biobert-v1.1/ddi2013_dev.json
08/24/2021 04:52:18 SHOT/SHOT10_3/dmis-lab/biobert-v1.1/ddi2013_test.json
08/24/2021 04:52:20 Task i2b2
08/24/2021 04:52:20 SHOT/SHOT10_3/dmis-lab/biobert-v1.1/i2b2_train.json
08/24/2021 04:52:20 SHOT/SHOT10_3/dmis-lab/biobert-v1.1/i2b2_dev.json
08/24/2021 04:52:21 SHOT/SHOT10_3/dmis-lab/biobert-v1.1/i2b2_test.json
08/24/2021 04:52:33 Task chemprot
08/24/2021 04:52:33 SHOT/SHOT10_4/dmis-lab/biobert-v1.1/chemprot_train.json
08/24/2021 04:52:33 SHOT/SHOT10_4/dmis-lab/biobert-v1.1/chemprot_dev.json
08/24/2021 04:52:34 SHOT/SHOT10_4/dmis-lab/biobert-v1.1/chemprot_test.json
08/24/2021 04:52:39 Task ddi2013
08/24/2021 04:52:39 SHOT/SHOT10_4/dmis-lab/biobert-v1.1/ddi2013_train.json
08/24/2021 04:52:40 SHOT/SHOT10_4/dmis-lab/biobert-v1.1/ddi2013_dev.json
08/24/2021 04:52:40 SHOT/SHOT10_4/dmis-lab/biobert-v1.1/ddi2013_test.json
08/24/2021 04:52:42 Task i2b2
08/24/2021 04:52:42 SHOT/SHOT10_4/dmis-lab/biobert-v1.1/i2b2_train.json
08/24/2021 04:52:42 SHOT/SHOT10_4/dmis-lab/biobert-v1.1/i2b2_dev.json
08/24/2021 04:52:43 SHOT/SHOT10_4/dmis-lab/biobert-v1.1/i2b2_test.json
08/24/2021 04:52:55 Task chemprot
08/24/2021 04:52:55 SHOT/SHOT10_5/dmis-lab/biobert-v1.1/chemprot_train.json
08/24/2021 04:52:56 SHOT/SHOT10_5/dmis-lab/biobert-v1.1/chemprot_dev.json
08/24/2021 04:52:56 SHOT/SHOT10_5/dmis-lab/biobert-v1.1/chemprot_test.json
08/24/2021 04:53:01 Task ddi2013
08/24/2021 04:53:01 SHOT/SHOT10_5/dmis-lab/biobert-v1.1/ddi2013_train.json
08/24/2021 04:53:02 SHOT/SHOT10_5/dmis-lab/biobert-v1.1/ddi2013_dev.json
08/24/2021 04:53:02 SHOT/SHOT10_5/dmis-lab/biobert-v1.1/ddi2013_test.json
08/24/2021 04:53:04 Task i2b2
08/24/2021 04:53:04 SHOT/SHOT10_5/dmis-lab/biobert-v1.1/i2b2_train.json
08/24/2021 04:53:05 SHOT/SHOT10_5/dmis-lab/biobert-v1.1/i2b2_dev.json
08/24/2021 04:53:06 SHOT/SHOT10_5/dmis-lab/biobert-v1.1/i2b2_test.json
08/24/2021 04:53:17 Task chemprot
08/24/2021 04:53:17 SHOT/SHOT50_1/dmis-lab/biobert-v1.1/chemprot_train.json
08/24/2021 04:53:18 SHOT/SHOT50_1/dmis-lab/biobert-v1.1/chemprot_dev.json
08/24/2021 04:53:19 SHOT/SHOT50_1/dmis-lab/biobert-v1.1/chemprot_test.json
08/24/2021 04:53:23 Task ddi2013
08/24/2021 04:53:24 SHOT/SHOT50_1/dmis-lab/biobert-v1.1/ddi2013_train.json
08/24/2021 04:53:24 SHOT/SHOT50_1/dmis-lab/biobert-v1.1/ddi2013_dev.json
08/24/2021 04:53:25 SHOT/SHOT50_1/dmis-lab/biobert-v1.1/ddi2013_test.json
08/24/2021 04:53:26 Task i2b2
08/24/2021 04:53:27 SHOT/SHOT50_1/dmis-lab/biobert-v1.1/i2b2_train.json
08/24/2021 04:53:27 SHOT/SHOT50_1/dmis-lab/biobert-v1.1/i2b2_dev.json
08/24/2021 04:53:28 SHOT/SHOT50_1/dmis-lab/biobert-v1.1/i2b2_test.json
08/24/2021 04:53:40 Task chemprot
08/24/2021 04:53:40 SHOT/SHOT50_2/dmis-lab/biobert-v1.1/chemprot_train.json
08/24/2021 04:53:41 SHOT/SHOT50_2/dmis-lab/biobert-v1.1/chemprot_dev.json
08/24/2021 04:53:41 SHOT/SHOT50_2/dmis-lab/biobert-v1.1/chemprot_test.json
08/24/2021 04:53:46 Task ddi2013
08/24/2021 04:53:46 SHOT/SHOT50_2/dmis-lab/biobert-v1.1/ddi2013_train.json
08/24/2021 04:53:47 SHOT/SHOT50_2/dmis-lab/biobert-v1.1/ddi2013_dev.json
08/24/2021 04:53:47 SHOT/SHOT50_2/dmis-lab/biobert-v1.1/ddi2013_test.json
08/24/2021 04:53:49 Task i2b2
08/24/2021 04:53:49 SHOT/SHOT50_2/dmis-lab/biobert-v1.1/i2b2_train.json
08/24/2021 04:53:50 SHOT/SHOT50_2/dmis-lab/biobert-v1.1/i2b2_dev.json
08/24/2021 04:53:51 SHOT/SHOT50_2/dmis-lab/biobert-v1.1/i2b2_test.json
08/24/2021 04:54:02 Task chemprot
08/24/2021 04:54:02 SHOT/SHOT50_3/dmis-lab/biobert-v1.1/chemprot_train.json
08/24/2021 04:54:03 SHOT/SHOT50_3/dmis-lab/biobert-v1.1/chemprot_dev.json
08/24/2021 04:54:03 SHOT/SHOT50_3/dmis-lab/biobert-v1.1/chemprot_test.json
08/24/2021 04:54:08 Task ddi2013
08/24/2021 04:54:09 SHOT/SHOT50_3/dmis-lab/biobert-v1.1/ddi2013_train.json
08/24/2021 04:54:09 SHOT/SHOT50_3/dmis-lab/biobert-v1.1/ddi2013_dev.json
08/24/2021 04:54:10 SHOT/SHOT50_3/dmis-lab/biobert-v1.1/ddi2013_test.json
08/24/2021 04:54:11 Task i2b2
08/24/2021 04:54:12 SHOT/SHOT50_3/dmis-lab/biobert-v1.1/i2b2_train.json
08/24/2021 04:54:12 SHOT/SHOT50_3/dmis-lab/biobert-v1.1/i2b2_dev.json
08/24/2021 04:54:13 SHOT/SHOT50_3/dmis-lab/biobert-v1.1/i2b2_test.json
08/24/2021 04:54:24 Task chemprot
08/24/2021 04:54:25 SHOT/SHOT50_4/dmis-lab/biobert-v1.1/chemprot_train.json
08/24/2021 04:54:26 SHOT/SHOT50_4/dmis-lab/biobert-v1.1/chemprot_dev.json
08/24/2021 04:54:26 SHOT/SHOT50_4/dmis-lab/biobert-v1.1/chemprot_test.json
08/24/2021 04:54:31 Task ddi2013
08/24/2021 04:54:31 SHOT/SHOT50_4/dmis-lab/biobert-v1.1/ddi2013_train.json
08/24/2021 04:54:32 SHOT/SHOT50_4/dmis-lab/biobert-v1.1/ddi2013_dev.json
08/24/2021 04:54:32 SHOT/SHOT50_4/dmis-lab/biobert-v1.1/ddi2013_test.json
08/24/2021 04:54:34 Task i2b2
08/24/2021 04:54:34 SHOT/SHOT50_4/dmis-lab/biobert-v1.1/i2b2_train.json
08/24/2021 04:54:35 SHOT/SHOT50_4/dmis-lab/biobert-v1.1/i2b2_dev.json
08/24/2021 04:54:36 SHOT/SHOT50_4/dmis-lab/biobert-v1.1/i2b2_test.json
08/24/2021 04:54:47 Task chemprot
08/24/2021 04:54:47 SHOT/SHOT50_5/dmis-lab/biobert-v1.1/chemprot_train.json
08/24/2021 04:54:48 SHOT/SHOT50_5/dmis-lab/biobert-v1.1/chemprot_dev.json
08/24/2021 04:54:48 SHOT/SHOT50_5/dmis-lab/biobert-v1.1/chemprot_test.json
08/24/2021 04:54:53 Task ddi2013
08/24/2021 04:54:53 SHOT/SHOT50_5/dmis-lab/biobert-v1.1/ddi2013_train.json
08/24/2021 04:54:54 SHOT/SHOT50_5/dmis-lab/biobert-v1.1/ddi2013_dev.json
08/24/2021 04:54:54 SHOT/SHOT50_5/dmis-lab/biobert-v1.1/ddi2013_test.json
08/24/2021 04:54:56 Task i2b2
08/24/2021 04:54:56 SHOT/SHOT50_5/dmis-lab/biobert-v1.1/i2b2_train.json
08/24/2021 04:54:57 SHOT/SHOT50_5/dmis-lab/biobert-v1.1/i2b2_dev.json
08/24/2021 04:54:58 SHOT/SHOT50_5/dmis-lab/biobert-v1.1/i2b2_test.json
08/24/2021 04:55:09 Task chemprot
08/24/2021 04:55:10 SHOT/SHOT100_1/dmis-lab/biobert-v1.1/chemprot_train.json
08/24/2021 04:55:10 SHOT/SHOT100_1/dmis-lab/biobert-v1.1/chemprot_dev.json
08/24/2021 04:55:11 SHOT/SHOT100_1/dmis-lab/biobert-v1.1/chemprot_test.json
08/24/2021 04:55:15 Task ddi2013
08/24/2021 04:55:16 SHOT/SHOT100_1/dmis-lab/biobert-v1.1/ddi2013_train.json
08/24/2021 04:55:16 SHOT/SHOT100_1/dmis-lab/biobert-v1.1/ddi2013_dev.json
08/24/2021 04:55:17 SHOT/SHOT100_1/dmis-lab/biobert-v1.1/ddi2013_test.json
08/24/2021 04:55:19 Task i2b2
08/24/2021 04:55:19 SHOT/SHOT100_1/dmis-lab/biobert-v1.1/i2b2_train.json
08/24/2021 04:55:20 SHOT/SHOT100_1/dmis-lab/biobert-v1.1/i2b2_dev.json
08/24/2021 04:55:21 SHOT/SHOT100_1/dmis-lab/biobert-v1.1/i2b2_test.json
08/24/2021 04:55:32 Task chemprot
08/24/2021 04:55:33 SHOT/SHOT100_2/dmis-lab/biobert-v1.1/chemprot_train.json
08/24/2021 04:55:33 SHOT/SHOT100_2/dmis-lab/biobert-v1.1/chemprot_dev.json
08/24/2021 04:55:34 SHOT/SHOT100_2/dmis-lab/biobert-v1.1/chemprot_test.json
08/24/2021 04:55:38 Task ddi2013
08/24/2021 04:55:39 SHOT/SHOT100_2/dmis-lab/biobert-v1.1/ddi2013_train.json
08/24/2021 04:55:40 SHOT/SHOT100_2/dmis-lab/biobert-v1.1/ddi2013_dev.json
08/24/2021 04:55:40 SHOT/SHOT100_2/dmis-lab/biobert-v1.1/ddi2013_test.json
08/24/2021 04:55:42 Task i2b2
08/24/2021 04:55:42 SHOT/SHOT100_2/dmis-lab/biobert-v1.1/i2b2_train.json
08/24/2021 04:55:43 SHOT/SHOT100_2/dmis-lab/biobert-v1.1/i2b2_dev.json
08/24/2021 04:55:44 SHOT/SHOT100_2/dmis-lab/biobert-v1.1/i2b2_test.json
08/24/2021 04:55:55 Task chemprot
08/24/2021 04:55:56 SHOT/SHOT100_3/dmis-lab/biobert-v1.1/chemprot_train.json
08/24/2021 04:55:56 SHOT/SHOT100_3/dmis-lab/biobert-v1.1/chemprot_dev.json
08/24/2021 04:55:57 SHOT/SHOT100_3/dmis-lab/biobert-v1.1/chemprot_test.json
08/24/2021 04:56:01 Task ddi2013
08/24/2021 04:56:02 SHOT/SHOT100_3/dmis-lab/biobert-v1.1/ddi2013_train.json
08/24/2021 04:56:02 SHOT/SHOT100_3/dmis-lab/biobert-v1.1/ddi2013_dev.json
08/24/2021 04:56:03 SHOT/SHOT100_3/dmis-lab/biobert-v1.1/ddi2013_test.json
08/24/2021 04:56:05 Task i2b2
08/24/2021 04:56:06 SHOT/SHOT100_3/dmis-lab/biobert-v1.1/i2b2_train.json
08/24/2021 04:56:06 SHOT/SHOT100_3/dmis-lab/biobert-v1.1/i2b2_dev.json
08/24/2021 04:56:07 SHOT/SHOT100_3/dmis-lab/biobert-v1.1/i2b2_test.json
08/24/2021 04:56:19 Task chemprot
08/24/2021 04:56:19 SHOT/SHOT100_4/dmis-lab/biobert-v1.1/chemprot_train.json
08/24/2021 04:56:20 SHOT/SHOT100_4/dmis-lab/biobert-v1.1/chemprot_dev.json
08/24/2021 04:56:21 SHOT/SHOT100_4/dmis-lab/biobert-v1.1/chemprot_test.json
08/24/2021 04:56:25 Task ddi2013
08/24/2021 04:56:26 SHOT/SHOT100_4/dmis-lab/biobert-v1.1/ddi2013_train.json
08/24/2021 04:56:26 SHOT/SHOT100_4/dmis-lab/biobert-v1.1/ddi2013_dev.json
08/24/2021 04:56:27 SHOT/SHOT100_4/dmis-lab/biobert-v1.1/ddi2013_test.json
08/24/2021 04:56:28 Task i2b2
08/24/2021 04:56:29 SHOT/SHOT100_4/dmis-lab/biobert-v1.1/i2b2_train.json
08/24/2021 04:56:30 SHOT/SHOT100_4/dmis-lab/biobert-v1.1/i2b2_dev.json
08/24/2021 04:56:31 SHOT/SHOT100_4/dmis-lab/biobert-v1.1/i2b2_test.json
08/24/2021 04:56:42 Task chemprot
08/24/2021 04:56:43 SHOT/SHOT100_5/dmis-lab/biobert-v1.1/chemprot_train.json
08/24/2021 04:56:43 SHOT/SHOT100_5/dmis-lab/biobert-v1.1/chemprot_dev.json
08/24/2021 04:56:44 SHOT/SHOT100_5/dmis-lab/biobert-v1.1/chemprot_test.json
08/24/2021 04:56:49 Task ddi2013
08/24/2021 04:56:49 SHOT/SHOT100_5/dmis-lab/biobert-v1.1/ddi2013_train.json
08/24/2021 04:56:50 SHOT/SHOT100_5/dmis-lab/biobert-v1.1/ddi2013_dev.json
08/24/2021 04:56:50 SHOT/SHOT100_5/dmis-lab/biobert-v1.1/ddi2013_test.json
08/24/2021 04:56:52 Task i2b2
08/24/2021 04:56:52 SHOT/SHOT100_5/dmis-lab/biobert-v1.1/i2b2_train.json
08/24/2021 04:56:53 SHOT/SHOT100_5/dmis-lab/biobert-v1.1/i2b2_dev.json
08/24/2021 04:56:54 SHOT/SHOT100_5/dmis-lab/biobert-v1.1/i2b2_test.json
08/24/2021 04:57:05 Task chemprot
08/24/2021 04:57:06 SHOT/SHOT1000_1/dmis-lab/biobert-v1.1/chemprot_train.json
08/24/2021 04:57:07 SHOT/SHOT1000_1/dmis-lab/biobert-v1.1/chemprot_dev.json
08/24/2021 04:57:08 SHOT/SHOT1000_1/dmis-lab/biobert-v1.1/chemprot_test.json
08/24/2021 04:57:13 Task ddi2013
08/24/2021 04:57:14 SHOT/SHOT1000_1/dmis-lab/biobert-v1.1/ddi2013_train.json
08/24/2021 04:57:15 SHOT/SHOT1000_1/dmis-lab/biobert-v1.1/ddi2013_dev.json
08/24/2021 04:57:16 SHOT/SHOT1000_1/dmis-lab/biobert-v1.1/ddi2013_test.json
08/24/2021 04:57:17 Task i2b2
08/24/2021 04:57:18 SHOT/SHOT1000_1/dmis-lab/biobert-v1.1/i2b2_train.json
08/24/2021 04:57:19 SHOT/SHOT1000_1/dmis-lab/biobert-v1.1/i2b2_dev.json
08/24/2021 04:57:20 SHOT/SHOT1000_1/dmis-lab/biobert-v1.1/i2b2_test.json
08/24/2021 04:57:31 Task chemprot
08/24/2021 04:57:32 SHOT/SHOT1000_2/dmis-lab/biobert-v1.1/chemprot_train.json
08/24/2021 04:57:33 SHOT/SHOT1000_2/dmis-lab/biobert-v1.1/chemprot_dev.json
08/24/2021 04:57:34 SHOT/SHOT1000_2/dmis-lab/biobert-v1.1/chemprot_test.json
08/24/2021 04:57:39 Task ddi2013
08/24/2021 04:57:39 SHOT/SHOT1000_2/dmis-lab/biobert-v1.1/ddi2013_train.json
08/24/2021 04:57:41 SHOT/SHOT1000_2/dmis-lab/biobert-v1.1/ddi2013_dev.json
08/24/2021 04:57:41 SHOT/SHOT1000_2/dmis-lab/biobert-v1.1/ddi2013_test.json
08/24/2021 04:57:43 Task i2b2
08/24/2021 04:57:44 SHOT/SHOT1000_2/dmis-lab/biobert-v1.1/i2b2_train.json
08/24/2021 04:57:45 SHOT/SHOT1000_2/dmis-lab/biobert-v1.1/i2b2_dev.json
08/24/2021 04:57:46 SHOT/SHOT1000_2/dmis-lab/biobert-v1.1/i2b2_test.json
08/24/2021 04:57:57 Task chemprot
08/24/2021 04:57:58 SHOT/SHOT1000_3/dmis-lab/biobert-v1.1/chemprot_train.json
08/24/2021 04:57:59 SHOT/SHOT1000_3/dmis-lab/biobert-v1.1/chemprot_dev.json
08/24/2021 04:58:00 SHOT/SHOT1000_3/dmis-lab/biobert-v1.1/chemprot_test.json
08/24/2021 04:58:05 Task ddi2013
08/24/2021 04:58:05 SHOT/SHOT1000_3/dmis-lab/biobert-v1.1/ddi2013_train.json
08/24/2021 04:58:07 SHOT/SHOT1000_3/dmis-lab/biobert-v1.1/ddi2013_dev.json
08/24/2021 04:58:07 SHOT/SHOT1000_3/dmis-lab/biobert-v1.1/ddi2013_test.json
08/24/2021 04:58:09 Task i2b2
08/24/2021 04:58:10 SHOT/SHOT1000_3/dmis-lab/biobert-v1.1/i2b2_train.json
08/24/2021 04:58:11 SHOT/SHOT1000_3/dmis-lab/biobert-v1.1/i2b2_dev.json
08/24/2021 04:58:12 SHOT/SHOT1000_3/dmis-lab/biobert-v1.1/i2b2_test.json
08/24/2021 04:58:23 Task chemprot
08/24/2021 04:58:24 SHOT/SHOT1000_4/dmis-lab/biobert-v1.1/chemprot_train.json
08/24/2021 04:58:25 SHOT/SHOT1000_4/dmis-lab/biobert-v1.1/chemprot_dev.json
08/24/2021 04:58:26 SHOT/SHOT1000_4/dmis-lab/biobert-v1.1/chemprot_test.json
08/24/2021 04:58:31 Task ddi2013
08/24/2021 04:58:31 SHOT/SHOT1000_4/dmis-lab/biobert-v1.1/ddi2013_train.json
08/24/2021 04:58:32 SHOT/SHOT1000_4/dmis-lab/biobert-v1.1/ddi2013_dev.json
08/24/2021 04:58:33 SHOT/SHOT1000_4/dmis-lab/biobert-v1.1/ddi2013_test.json
08/24/2021 04:58:35 Task i2b2
08/24/2021 04:58:35 SHOT/SHOT1000_4/dmis-lab/biobert-v1.1/i2b2_train.json
08/24/2021 04:58:36 SHOT/SHOT1000_4/dmis-lab/biobert-v1.1/i2b2_dev.json
08/24/2021 04:58:37 SHOT/SHOT1000_4/dmis-lab/biobert-v1.1/i2b2_test.json
08/24/2021 04:58:49 Task chemprot
08/24/2021 04:58:49 SHOT/SHOT1000_5/dmis-lab/biobert-v1.1/chemprot_train.json
08/24/2021 04:58:51 SHOT/SHOT1000_5/dmis-lab/biobert-v1.1/chemprot_dev.json
08/24/2021 04:58:51 SHOT/SHOT1000_5/dmis-lab/biobert-v1.1/chemprot_test.json
08/24/2021 04:58:56 Task ddi2013
08/24/2021 04:58:57 SHOT/SHOT1000_5/dmis-lab/biobert-v1.1/ddi2013_train.json
08/24/2021 04:58:58 SHOT/SHOT1000_5/dmis-lab/biobert-v1.1/ddi2013_dev.json
08/24/2021 04:58:59 SHOT/SHOT1000_5/dmis-lab/biobert-v1.1/ddi2013_test.json
08/24/2021 04:59:00 Task i2b2
08/24/2021 04:59:01 SHOT/SHOT1000_5/dmis-lab/biobert-v1.1/i2b2_train.json
08/24/2021 04:59:02 SHOT/SHOT1000_5/dmis-lab/biobert-v1.1/i2b2_dev.json
08/24/2021 04:59:03 SHOT/SHOT1000_5/dmis-lab/biobert-v1.1/i2b2_test.json
08/24/2021 05:09:44 Task chemprot
08/24/2021 05:09:44 SHOT/SHOT1_2/emilyalsentzer/Bio_ClinicalBERT/chemprot_train.json
08/24/2021 05:09:44 SHOT/SHOT1_2/emilyalsentzer/Bio_ClinicalBERT/chemprot_dev.json
08/24/2021 05:09:45 SHOT/SHOT1_2/emilyalsentzer/Bio_ClinicalBERT/chemprot_test.json
08/24/2021 05:09:50 Task ddi2013
08/24/2021 05:09:50 SHOT/SHOT1_2/emilyalsentzer/Bio_ClinicalBERT/ddi2013_train.json
08/24/2021 05:09:50 SHOT/SHOT1_2/emilyalsentzer/Bio_ClinicalBERT/ddi2013_dev.json
08/24/2021 05:09:50 SHOT/SHOT1_2/emilyalsentzer/Bio_ClinicalBERT/ddi2013_test.json
08/24/2021 05:09:52 Task i2b2
08/24/2021 05:09:52 SHOT/SHOT1_2/emilyalsentzer/Bio_ClinicalBERT/i2b2_train.json
08/24/2021 05:09:52 SHOT/SHOT1_2/emilyalsentzer/Bio_ClinicalBERT/i2b2_dev.json
08/24/2021 05:09:52 SHOT/SHOT1_2/emilyalsentzer/Bio_ClinicalBERT/i2b2_test.json
08/24/2021 05:10:05 Task chemprot
08/24/2021 05:10:05 SHOT/SHOT1_3/emilyalsentzer/Bio_ClinicalBERT/chemprot_train.json
08/24/2021 05:10:05 SHOT/SHOT1_3/emilyalsentzer/Bio_ClinicalBERT/chemprot_dev.json
08/24/2021 05:10:06 SHOT/SHOT1_3/emilyalsentzer/Bio_ClinicalBERT/chemprot_test.json
08/24/2021 05:10:11 Task ddi2013
08/24/2021 05:10:11 SHOT/SHOT1_3/emilyalsentzer/Bio_ClinicalBERT/ddi2013_train.json
08/24/2021 05:10:11 SHOT/SHOT1_3/emilyalsentzer/Bio_ClinicalBERT/ddi2013_dev.json
08/24/2021 05:10:11 SHOT/SHOT1_3/emilyalsentzer/Bio_ClinicalBERT/ddi2013_test.json
08/24/2021 05:10:13 Task i2b2
08/24/2021 05:10:13 SHOT/SHOT1_3/emilyalsentzer/Bio_ClinicalBERT/i2b2_train.json
08/24/2021 05:10:13 SHOT/SHOT1_3/emilyalsentzer/Bio_ClinicalBERT/i2b2_dev.json
08/24/2021 05:10:14 SHOT/SHOT1_3/emilyalsentzer/Bio_ClinicalBERT/i2b2_test.json
08/24/2021 05:10:26 Task chemprot
08/24/2021 05:10:26 SHOT/SHOT1_4/emilyalsentzer/Bio_ClinicalBERT/chemprot_train.json
08/24/2021 05:10:26 SHOT/SHOT1_4/emilyalsentzer/Bio_ClinicalBERT/chemprot_dev.json
08/24/2021 05:10:27 SHOT/SHOT1_4/emilyalsentzer/Bio_ClinicalBERT/chemprot_test.json
08/24/2021 05:10:32 Task ddi2013
08/24/2021 05:10:32 SHOT/SHOT1_4/emilyalsentzer/Bio_ClinicalBERT/ddi2013_train.json
08/24/2021 05:10:32 SHOT/SHOT1_4/emilyalsentzer/Bio_ClinicalBERT/ddi2013_dev.json
08/24/2021 05:10:32 SHOT/SHOT1_4/emilyalsentzer/Bio_ClinicalBERT/ddi2013_test.json
08/24/2021 05:10:34 Task i2b2
08/24/2021 05:10:34 SHOT/SHOT1_4/emilyalsentzer/Bio_ClinicalBERT/i2b2_train.json
08/24/2021 05:10:34 SHOT/SHOT1_4/emilyalsentzer/Bio_ClinicalBERT/i2b2_dev.json
08/24/2021 05:10:35 SHOT/SHOT1_4/emilyalsentzer/Bio_ClinicalBERT/i2b2_test.json
08/24/2021 05:10:47 Task chemprot
08/24/2021 05:10:47 SHOT/SHOT1_5/emilyalsentzer/Bio_ClinicalBERT/chemprot_train.json
08/24/2021 05:10:47 SHOT/SHOT1_5/emilyalsentzer/Bio_ClinicalBERT/chemprot_dev.json
08/24/2021 05:10:47 SHOT/SHOT1_5/emilyalsentzer/Bio_ClinicalBERT/chemprot_test.json
08/24/2021 05:10:53 Task ddi2013
08/24/2021 05:10:53 SHOT/SHOT1_5/emilyalsentzer/Bio_ClinicalBERT/ddi2013_train.json
08/24/2021 05:10:53 SHOT/SHOT1_5/emilyalsentzer/Bio_ClinicalBERT/ddi2013_dev.json
08/24/2021 05:10:53 SHOT/SHOT1_5/emilyalsentzer/Bio_ClinicalBERT/ddi2013_test.json
08/24/2021 05:10:55 Task i2b2
08/24/2021 05:10:55 SHOT/SHOT1_5/emilyalsentzer/Bio_ClinicalBERT/i2b2_train.json
08/24/2021 05:10:55 SHOT/SHOT1_5/emilyalsentzer/Bio_ClinicalBERT/i2b2_dev.json
08/24/2021 05:10:55 SHOT/SHOT1_5/emilyalsentzer/Bio_ClinicalBERT/i2b2_test.json
08/24/2021 05:11:08 Task chemprot
08/24/2021 05:11:08 SHOT/SHOT10_1/emilyalsentzer/Bio_ClinicalBERT/chemprot_train.json
08/24/2021 05:11:08 SHOT/SHOT10_1/emilyalsentzer/Bio_ClinicalBERT/chemprot_dev.json
08/24/2021 05:11:08 SHOT/SHOT10_1/emilyalsentzer/Bio_ClinicalBERT/chemprot_test.json
08/24/2021 05:11:14 Task ddi2013
08/24/2021 05:11:14 SHOT/SHOT10_1/emilyalsentzer/Bio_ClinicalBERT/ddi2013_train.json
08/24/2021 05:11:14 SHOT/SHOT10_1/emilyalsentzer/Bio_ClinicalBERT/ddi2013_dev.json
08/24/2021 05:11:14 SHOT/SHOT10_1/emilyalsentzer/Bio_ClinicalBERT/ddi2013_test.json
08/24/2021 05:11:16 Task i2b2
08/24/2021 05:11:16 SHOT/SHOT10_1/emilyalsentzer/Bio_ClinicalBERT/i2b2_train.json
08/24/2021 05:11:16 SHOT/SHOT10_1/emilyalsentzer/Bio_ClinicalBERT/i2b2_dev.json
08/24/2021 05:11:16 SHOT/SHOT10_1/emilyalsentzer/Bio_ClinicalBERT/i2b2_test.json
08/24/2021 05:11:29 Task chemprot
08/24/2021 05:11:29 SHOT/SHOT10_2/emilyalsentzer/Bio_ClinicalBERT/chemprot_train.json
08/24/2021 05:11:29 SHOT/SHOT10_2/emilyalsentzer/Bio_ClinicalBERT/chemprot_dev.json
08/24/2021 05:11:29 SHOT/SHOT10_2/emilyalsentzer/Bio_ClinicalBERT/chemprot_test.json
08/24/2021 05:11:34 Task ddi2013
08/24/2021 05:11:34 SHOT/SHOT10_2/emilyalsentzer/Bio_ClinicalBERT/ddi2013_train.json
08/24/2021 05:11:34 SHOT/SHOT10_2/emilyalsentzer/Bio_ClinicalBERT/ddi2013_dev.json
08/24/2021 05:11:35 SHOT/SHOT10_2/emilyalsentzer/Bio_ClinicalBERT/ddi2013_test.json
08/24/2021 05:11:37 Task i2b2
08/24/2021 05:11:37 SHOT/SHOT10_2/emilyalsentzer/Bio_ClinicalBERT/i2b2_train.json
08/24/2021 05:11:37 SHOT/SHOT10_2/emilyalsentzer/Bio_ClinicalBERT/i2b2_dev.json
08/24/2021 05:11:37 SHOT/SHOT10_2/emilyalsentzer/Bio_ClinicalBERT/i2b2_test.json
08/24/2021 05:11:50 Task chemprot
08/24/2021 05:11:50 SHOT/SHOT10_3/emilyalsentzer/Bio_ClinicalBERT/chemprot_train.json
08/24/2021 05:11:50 SHOT/SHOT10_3/emilyalsentzer/Bio_ClinicalBERT/chemprot_dev.json
08/24/2021 05:11:50 SHOT/SHOT10_3/emilyalsentzer/Bio_ClinicalBERT/chemprot_test.json
08/24/2021 05:11:55 Task ddi2013
08/24/2021 05:11:55 SHOT/SHOT10_3/emilyalsentzer/Bio_ClinicalBERT/ddi2013_train.json
08/24/2021 05:11:55 SHOT/SHOT10_3/emilyalsentzer/Bio_ClinicalBERT/ddi2013_dev.json
08/24/2021 05:11:56 SHOT/SHOT10_3/emilyalsentzer/Bio_ClinicalBERT/ddi2013_test.json
08/24/2021 05:11:57 Task i2b2
08/24/2021 05:11:57 SHOT/SHOT10_3/emilyalsentzer/Bio_ClinicalBERT/i2b2_train.json
08/24/2021 05:11:57 SHOT/SHOT10_3/emilyalsentzer/Bio_ClinicalBERT/i2b2_dev.json
08/24/2021 05:11:58 SHOT/SHOT10_3/emilyalsentzer/Bio_ClinicalBERT/i2b2_test.json
08/24/2021 05:12:11 Task chemprot
08/24/2021 05:12:11 SHOT/SHOT10_4/emilyalsentzer/Bio_ClinicalBERT/chemprot_train.json
08/24/2021 05:12:11 SHOT/SHOT10_4/emilyalsentzer/Bio_ClinicalBERT/chemprot_dev.json
08/24/2021 05:12:11 SHOT/SHOT10_4/emilyalsentzer/Bio_ClinicalBERT/chemprot_test.json
08/24/2021 05:12:16 Task ddi2013
08/24/2021 05:12:16 SHOT/SHOT10_4/emilyalsentzer/Bio_ClinicalBERT/ddi2013_train.json
08/24/2021 05:12:16 SHOT/SHOT10_4/emilyalsentzer/Bio_ClinicalBERT/ddi2013_dev.json
08/24/2021 05:12:17 SHOT/SHOT10_4/emilyalsentzer/Bio_ClinicalBERT/ddi2013_test.json
08/24/2021 05:12:18 Task i2b2
08/24/2021 05:12:18 SHOT/SHOT10_4/emilyalsentzer/Bio_ClinicalBERT/i2b2_train.json
08/24/2021 05:12:18 SHOT/SHOT10_4/emilyalsentzer/Bio_ClinicalBERT/i2b2_dev.json
08/24/2021 05:12:19 SHOT/SHOT10_4/emilyalsentzer/Bio_ClinicalBERT/i2b2_test.json
08/24/2021 05:12:32 Task chemprot
08/24/2021 05:12:32 SHOT/SHOT10_5/emilyalsentzer/Bio_ClinicalBERT/chemprot_train.json
08/24/2021 05:12:32 SHOT/SHOT10_5/emilyalsentzer/Bio_ClinicalBERT/chemprot_dev.json
08/24/2021 05:12:32 SHOT/SHOT10_5/emilyalsentzer/Bio_ClinicalBERT/chemprot_test.json
08/24/2021 05:12:37 Task ddi2013
08/24/2021 05:12:37 SHOT/SHOT10_5/emilyalsentzer/Bio_ClinicalBERT/ddi2013_train.json
08/24/2021 05:12:37 SHOT/SHOT10_5/emilyalsentzer/Bio_ClinicalBERT/ddi2013_dev.json
08/24/2021 05:12:38 SHOT/SHOT10_5/emilyalsentzer/Bio_ClinicalBERT/ddi2013_test.json
08/24/2021 05:12:39 Task i2b2
08/24/2021 05:12:39 SHOT/SHOT10_5/emilyalsentzer/Bio_ClinicalBERT/i2b2_train.json
08/24/2021 05:12:39 SHOT/SHOT10_5/emilyalsentzer/Bio_ClinicalBERT/i2b2_dev.json
08/24/2021 05:12:40 SHOT/SHOT10_5/emilyalsentzer/Bio_ClinicalBERT/i2b2_test.json
08/24/2021 05:12:52 Task chemprot
08/24/2021 05:12:52 SHOT/SHOT50_1/emilyalsentzer/Bio_ClinicalBERT/chemprot_train.json
08/24/2021 05:12:53 SHOT/SHOT50_1/emilyalsentzer/Bio_ClinicalBERT/chemprot_dev.json
08/24/2021 05:12:53 SHOT/SHOT50_1/emilyalsentzer/Bio_ClinicalBERT/chemprot_test.json
08/24/2021 05:12:58 Task ddi2013
08/24/2021 05:12:58 SHOT/SHOT50_1/emilyalsentzer/Bio_ClinicalBERT/ddi2013_train.json
08/24/2021 05:12:58 SHOT/SHOT50_1/emilyalsentzer/Bio_ClinicalBERT/ddi2013_dev.json
08/24/2021 05:12:58 SHOT/SHOT50_1/emilyalsentzer/Bio_ClinicalBERT/ddi2013_test.json
08/24/2021 05:13:00 Task i2b2
08/24/2021 05:13:00 SHOT/SHOT50_1/emilyalsentzer/Bio_ClinicalBERT/i2b2_train.json
08/24/2021 05:13:00 SHOT/SHOT50_1/emilyalsentzer/Bio_ClinicalBERT/i2b2_dev.json
08/24/2021 05:13:01 SHOT/SHOT50_1/emilyalsentzer/Bio_ClinicalBERT/i2b2_test.json
08/24/2021 05:13:13 Task chemprot
08/24/2021 05:13:13 SHOT/SHOT50_2/emilyalsentzer/Bio_ClinicalBERT/chemprot_train.json
08/24/2021 05:13:13 SHOT/SHOT50_2/emilyalsentzer/Bio_ClinicalBERT/chemprot_dev.json
08/24/2021 05:13:14 SHOT/SHOT50_2/emilyalsentzer/Bio_ClinicalBERT/chemprot_test.json
08/24/2021 05:13:19 Task ddi2013
08/24/2021 05:13:19 SHOT/SHOT50_2/emilyalsentzer/Bio_ClinicalBERT/ddi2013_train.json
08/24/2021 05:13:19 SHOT/SHOT50_2/emilyalsentzer/Bio_ClinicalBERT/ddi2013_dev.json
08/24/2021 05:13:19 SHOT/SHOT50_2/emilyalsentzer/Bio_ClinicalBERT/ddi2013_test.json
08/24/2021 05:13:21 Task i2b2
08/24/2021 05:13:21 SHOT/SHOT50_2/emilyalsentzer/Bio_ClinicalBERT/i2b2_train.json
08/24/2021 05:13:21 SHOT/SHOT50_2/emilyalsentzer/Bio_ClinicalBERT/i2b2_dev.json
08/24/2021 05:13:22 SHOT/SHOT50_2/emilyalsentzer/Bio_ClinicalBERT/i2b2_test.json
08/24/2021 05:13:34 Task chemprot
08/24/2021 05:13:34 SHOT/SHOT50_3/emilyalsentzer/Bio_ClinicalBERT/chemprot_train.json
08/24/2021 05:13:34 SHOT/SHOT50_3/emilyalsentzer/Bio_ClinicalBERT/chemprot_dev.json
08/24/2021 05:13:34 SHOT/SHOT50_3/emilyalsentzer/Bio_ClinicalBERT/chemprot_test.json
08/24/2021 05:13:40 Task ddi2013
08/24/2021 05:13:40 SHOT/SHOT50_3/emilyalsentzer/Bio_ClinicalBERT/ddi2013_train.json
08/24/2021 05:13:40 SHOT/SHOT50_3/emilyalsentzer/Bio_ClinicalBERT/ddi2013_dev.json
08/24/2021 05:13:40 SHOT/SHOT50_3/emilyalsentzer/Bio_ClinicalBERT/ddi2013_test.json
08/24/2021 05:13:42 Task i2b2
08/24/2021 05:13:42 SHOT/SHOT50_3/emilyalsentzer/Bio_ClinicalBERT/i2b2_train.json
08/24/2021 05:13:42 SHOT/SHOT50_3/emilyalsentzer/Bio_ClinicalBERT/i2b2_dev.json
08/24/2021 05:13:42 SHOT/SHOT50_3/emilyalsentzer/Bio_ClinicalBERT/i2b2_test.json
08/24/2021 05:13:55 Task chemprot
08/24/2021 05:13:55 SHOT/SHOT50_4/emilyalsentzer/Bio_ClinicalBERT/chemprot_train.json
08/24/2021 05:13:55 SHOT/SHOT50_4/emilyalsentzer/Bio_ClinicalBERT/chemprot_dev.json
08/24/2021 05:13:56 SHOT/SHOT50_4/emilyalsentzer/Bio_ClinicalBERT/chemprot_test.json
08/24/2021 05:14:01 Task ddi2013
08/24/2021 05:14:01 SHOT/SHOT50_4/emilyalsentzer/Bio_ClinicalBERT/ddi2013_train.json
08/24/2021 05:14:01 SHOT/SHOT50_4/emilyalsentzer/Bio_ClinicalBERT/ddi2013_dev.json
08/24/2021 05:14:01 SHOT/SHOT50_4/emilyalsentzer/Bio_ClinicalBERT/ddi2013_test.json
08/24/2021 05:14:03 Task i2b2
08/24/2021 05:14:03 SHOT/SHOT50_4/emilyalsentzer/Bio_ClinicalBERT/i2b2_train.json
08/24/2021 05:14:03 SHOT/SHOT50_4/emilyalsentzer/Bio_ClinicalBERT/i2b2_dev.json
08/24/2021 05:14:04 SHOT/SHOT50_4/emilyalsentzer/Bio_ClinicalBERT/i2b2_test.json
08/24/2021 05:14:16 Task chemprot
08/24/2021 05:14:16 SHOT/SHOT50_5/emilyalsentzer/Bio_ClinicalBERT/chemprot_train.json
08/24/2021 05:14:16 SHOT/SHOT50_5/emilyalsentzer/Bio_ClinicalBERT/chemprot_dev.json
08/24/2021 05:14:17 SHOT/SHOT50_5/emilyalsentzer/Bio_ClinicalBERT/chemprot_test.json
08/24/2021 05:14:22 Task ddi2013
08/24/2021 05:14:22 SHOT/SHOT50_5/emilyalsentzer/Bio_ClinicalBERT/ddi2013_train.json
08/24/2021 05:14:22 SHOT/SHOT50_5/emilyalsentzer/Bio_ClinicalBERT/ddi2013_dev.json
08/24/2021 05:14:22 SHOT/SHOT50_5/emilyalsentzer/Bio_ClinicalBERT/ddi2013_test.json
08/24/2021 05:14:24 Task i2b2
08/24/2021 05:14:24 SHOT/SHOT50_5/emilyalsentzer/Bio_ClinicalBERT/i2b2_train.json
08/24/2021 05:14:24 SHOT/SHOT50_5/emilyalsentzer/Bio_ClinicalBERT/i2b2_dev.json
08/24/2021 05:14:25 SHOT/SHOT50_5/emilyalsentzer/Bio_ClinicalBERT/i2b2_test.json
08/24/2021 05:14:37 Task chemprot
08/24/2021 05:14:37 SHOT/SHOT100_1/emilyalsentzer/Bio_ClinicalBERT/chemprot_train.json
08/24/2021 05:14:38 SHOT/SHOT100_1/emilyalsentzer/Bio_ClinicalBERT/chemprot_dev.json
08/24/2021 05:14:38 SHOT/SHOT100_1/emilyalsentzer/Bio_ClinicalBERT/chemprot_test.json
08/24/2021 05:14:43 Task ddi2013
08/24/2021 05:14:43 SHOT/SHOT100_1/emilyalsentzer/Bio_ClinicalBERT/ddi2013_train.json
08/24/2021 05:14:44 SHOT/SHOT100_1/emilyalsentzer/Bio_ClinicalBERT/ddi2013_dev.json
08/24/2021 05:14:44 SHOT/SHOT100_1/emilyalsentzer/Bio_ClinicalBERT/ddi2013_test.json
08/24/2021 05:14:46 Task i2b2
08/24/2021 05:14:46 SHOT/SHOT100_1/emilyalsentzer/Bio_ClinicalBERT/i2b2_train.json
08/24/2021 05:14:46 SHOT/SHOT100_1/emilyalsentzer/Bio_ClinicalBERT/i2b2_dev.json
08/24/2021 05:14:46 SHOT/SHOT100_1/emilyalsentzer/Bio_ClinicalBERT/i2b2_test.json
08/24/2021 05:14:59 Task chemprot
08/24/2021 05:14:59 SHOT/SHOT100_2/emilyalsentzer/Bio_ClinicalBERT/chemprot_train.json
08/24/2021 05:14:59 SHOT/SHOT100_2/emilyalsentzer/Bio_ClinicalBERT/chemprot_dev.json
08/24/2021 05:15:00 SHOT/SHOT100_2/emilyalsentzer/Bio_ClinicalBERT/chemprot_test.json
08/24/2021 05:15:05 Task ddi2013
08/24/2021 05:15:05 SHOT/SHOT100_2/emilyalsentzer/Bio_ClinicalBERT/ddi2013_train.json
08/24/2021 05:15:05 SHOT/SHOT100_2/emilyalsentzer/Bio_ClinicalBERT/ddi2013_dev.json
08/24/2021 05:15:05 SHOT/SHOT100_2/emilyalsentzer/Bio_ClinicalBERT/ddi2013_test.json
08/24/2021 05:15:07 Task i2b2
08/24/2021 05:15:07 SHOT/SHOT100_2/emilyalsentzer/Bio_ClinicalBERT/i2b2_train.json
08/24/2021 05:15:07 SHOT/SHOT100_2/emilyalsentzer/Bio_ClinicalBERT/i2b2_dev.json
08/24/2021 05:15:08 SHOT/SHOT100_2/emilyalsentzer/Bio_ClinicalBERT/i2b2_test.json
08/24/2021 05:15:21 Task chemprot
08/24/2021 05:15:21 SHOT/SHOT100_3/emilyalsentzer/Bio_ClinicalBERT/chemprot_train.json
08/24/2021 05:15:21 SHOT/SHOT100_3/emilyalsentzer/Bio_ClinicalBERT/chemprot_dev.json
08/24/2021 05:15:21 SHOT/SHOT100_3/emilyalsentzer/Bio_ClinicalBERT/chemprot_test.json
08/24/2021 05:15:26 Task ddi2013
08/24/2021 05:15:26 SHOT/SHOT100_3/emilyalsentzer/Bio_ClinicalBERT/ddi2013_train.json
08/24/2021 05:15:26 SHOT/SHOT100_3/emilyalsentzer/Bio_ClinicalBERT/ddi2013_dev.json
08/24/2021 05:15:27 SHOT/SHOT100_3/emilyalsentzer/Bio_ClinicalBERT/ddi2013_test.json
08/24/2021 05:15:28 Task i2b2
08/24/2021 05:15:28 SHOT/SHOT100_3/emilyalsentzer/Bio_ClinicalBERT/i2b2_train.json
08/24/2021 05:15:29 SHOT/SHOT100_3/emilyalsentzer/Bio_ClinicalBERT/i2b2_dev.json
08/24/2021 05:15:29 SHOT/SHOT100_3/emilyalsentzer/Bio_ClinicalBERT/i2b2_test.json
08/24/2021 05:15:42 Task chemprot
08/24/2021 05:15:42 SHOT/SHOT100_4/emilyalsentzer/Bio_ClinicalBERT/chemprot_train.json
08/24/2021 05:15:42 SHOT/SHOT100_4/emilyalsentzer/Bio_ClinicalBERT/chemprot_dev.json
08/24/2021 05:15:42 SHOT/SHOT100_4/emilyalsentzer/Bio_ClinicalBERT/chemprot_test.json
08/24/2021 05:15:48 Task ddi2013
08/24/2021 05:15:48 SHOT/SHOT100_4/emilyalsentzer/Bio_ClinicalBERT/ddi2013_train.json
08/24/2021 05:15:48 SHOT/SHOT100_4/emilyalsentzer/Bio_ClinicalBERT/ddi2013_dev.json
08/24/2021 05:15:48 SHOT/SHOT100_4/emilyalsentzer/Bio_ClinicalBERT/ddi2013_test.json
08/24/2021 05:15:50 Task i2b2
08/24/2021 05:15:50 SHOT/SHOT100_4/emilyalsentzer/Bio_ClinicalBERT/i2b2_train.json
08/24/2021 05:15:50 SHOT/SHOT100_4/emilyalsentzer/Bio_ClinicalBERT/i2b2_dev.json
08/24/2021 05:15:50 SHOT/SHOT100_4/emilyalsentzer/Bio_ClinicalBERT/i2b2_test.json
08/24/2021 05:16:04 Task chemprot
08/24/2021 05:16:04 SHOT/SHOT100_5/emilyalsentzer/Bio_ClinicalBERT/chemprot_train.json
08/24/2021 05:16:04 SHOT/SHOT100_5/emilyalsentzer/Bio_ClinicalBERT/chemprot_dev.json
08/24/2021 05:16:04 SHOT/SHOT100_5/emilyalsentzer/Bio_ClinicalBERT/chemprot_test.json
08/24/2021 05:16:09 Task ddi2013
08/24/2021 05:16:09 SHOT/SHOT100_5/emilyalsentzer/Bio_ClinicalBERT/ddi2013_train.json
08/24/2021 05:16:10 SHOT/SHOT100_5/emilyalsentzer/Bio_ClinicalBERT/ddi2013_dev.json
08/24/2021 05:16:10 SHOT/SHOT100_5/emilyalsentzer/Bio_ClinicalBERT/ddi2013_test.json
08/24/2021 05:16:12 Task i2b2
08/24/2021 05:16:12 SHOT/SHOT100_5/emilyalsentzer/Bio_ClinicalBERT/i2b2_train.json
08/24/2021 05:16:12 SHOT/SHOT100_5/emilyalsentzer/Bio_ClinicalBERT/i2b2_dev.json
08/24/2021 05:16:12 SHOT/SHOT100_5/emilyalsentzer/Bio_ClinicalBERT/i2b2_test.json
08/24/2021 05:16:28 Task chemprot
08/24/2021 05:16:28 SHOT/SHOT1000_1/emilyalsentzer/Bio_ClinicalBERT/chemprot_train.json
08/24/2021 05:16:29 SHOT/SHOT1000_1/emilyalsentzer/Bio_ClinicalBERT/chemprot_dev.json
08/24/2021 05:16:30 SHOT/SHOT1000_1/emilyalsentzer/Bio_ClinicalBERT/chemprot_test.json
08/24/2021 05:16:35 Task ddi2013
08/24/2021 05:16:35 SHOT/SHOT1000_1/emilyalsentzer/Bio_ClinicalBERT/ddi2013_train.json
08/24/2021 05:16:36 SHOT/SHOT1000_1/emilyalsentzer/Bio_ClinicalBERT/ddi2013_dev.json
08/24/2021 05:16:36 SHOT/SHOT1000_1/emilyalsentzer/Bio_ClinicalBERT/ddi2013_test.json
08/24/2021 05:16:38 Task i2b2
08/24/2021 05:16:38 SHOT/SHOT1000_1/emilyalsentzer/Bio_ClinicalBERT/i2b2_train.json
08/24/2021 05:16:39 SHOT/SHOT1000_1/emilyalsentzer/Bio_ClinicalBERT/i2b2_dev.json
08/24/2021 05:16:39 SHOT/SHOT1000_1/emilyalsentzer/Bio_ClinicalBERT/i2b2_test.json
08/24/2021 05:16:52 Task chemprot
08/24/2021 05:16:52 SHOT/SHOT1000_2/emilyalsentzer/Bio_ClinicalBERT/chemprot_train.json
08/24/2021 05:16:53 SHOT/SHOT1000_2/emilyalsentzer/Bio_ClinicalBERT/chemprot_dev.json
08/24/2021 05:16:54 SHOT/SHOT1000_2/emilyalsentzer/Bio_ClinicalBERT/chemprot_test.json
08/24/2021 05:16:59 Task ddi2013
08/24/2021 05:16:59 SHOT/SHOT1000_2/emilyalsentzer/Bio_ClinicalBERT/ddi2013_train.json
08/24/2021 05:17:00 SHOT/SHOT1000_2/emilyalsentzer/Bio_ClinicalBERT/ddi2013_dev.json
08/24/2021 05:17:00 SHOT/SHOT1000_2/emilyalsentzer/Bio_ClinicalBERT/ddi2013_test.json
08/24/2021 05:17:02 Task i2b2
08/24/2021 05:17:02 SHOT/SHOT1000_2/emilyalsentzer/Bio_ClinicalBERT/i2b2_train.json
08/24/2021 05:17:03 SHOT/SHOT1000_2/emilyalsentzer/Bio_ClinicalBERT/i2b2_dev.json
08/24/2021 05:17:03 SHOT/SHOT1000_2/emilyalsentzer/Bio_ClinicalBERT/i2b2_test.json
08/24/2021 05:17:16 Task chemprot
08/24/2021 05:17:16 SHOT/SHOT1000_3/emilyalsentzer/Bio_ClinicalBERT/chemprot_train.json
08/24/2021 05:17:17 SHOT/SHOT1000_3/emilyalsentzer/Bio_ClinicalBERT/chemprot_dev.json
08/24/2021 05:17:17 SHOT/SHOT1000_3/emilyalsentzer/Bio_ClinicalBERT/chemprot_test.json
08/24/2021 05:17:23 Task ddi2013
08/24/2021 05:17:23 SHOT/SHOT1000_3/emilyalsentzer/Bio_ClinicalBERT/ddi2013_train.json
08/24/2021 05:17:24 SHOT/SHOT1000_3/emilyalsentzer/Bio_ClinicalBERT/ddi2013_dev.json
08/24/2021 05:17:24 SHOT/SHOT1000_3/emilyalsentzer/Bio_ClinicalBERT/ddi2013_test.json
08/24/2021 05:17:26 Task i2b2
08/24/2021 05:17:26 SHOT/SHOT1000_3/emilyalsentzer/Bio_ClinicalBERT/i2b2_train.json
08/24/2021 05:17:27 SHOT/SHOT1000_3/emilyalsentzer/Bio_ClinicalBERT/i2b2_dev.json
08/24/2021 05:17:27 SHOT/SHOT1000_3/emilyalsentzer/Bio_ClinicalBERT/i2b2_test.json
08/24/2021 05:17:40 Task chemprot
08/24/2021 05:17:40 SHOT/SHOT1000_4/emilyalsentzer/Bio_ClinicalBERT/chemprot_train.json
08/24/2021 05:17:41 SHOT/SHOT1000_4/emilyalsentzer/Bio_ClinicalBERT/chemprot_dev.json
08/24/2021 05:17:41 SHOT/SHOT1000_4/emilyalsentzer/Bio_ClinicalBERT/chemprot_test.json
08/24/2021 05:17:47 Task ddi2013
08/24/2021 05:17:47 SHOT/SHOT1000_4/emilyalsentzer/Bio_ClinicalBERT/ddi2013_train.json
08/24/2021 05:17:48 SHOT/SHOT1000_4/emilyalsentzer/Bio_ClinicalBERT/ddi2013_dev.json
08/24/2021 05:17:48 SHOT/SHOT1000_4/emilyalsentzer/Bio_ClinicalBERT/ddi2013_test.json
08/24/2021 05:17:50 Task i2b2
08/24/2021 05:17:50 SHOT/SHOT1000_4/emilyalsentzer/Bio_ClinicalBERT/i2b2_train.json
08/24/2021 05:17:51 SHOT/SHOT1000_4/emilyalsentzer/Bio_ClinicalBERT/i2b2_dev.json
08/24/2021 05:17:51 SHOT/SHOT1000_4/emilyalsentzer/Bio_ClinicalBERT/i2b2_test.json
08/24/2021 05:18:04 Task chemprot
08/24/2021 05:18:04 SHOT/SHOT1000_5/emilyalsentzer/Bio_ClinicalBERT/chemprot_train.json
08/24/2021 05:18:05 SHOT/SHOT1000_5/emilyalsentzer/Bio_ClinicalBERT/chemprot_dev.json
08/24/2021 05:18:05 SHOT/SHOT1000_5/emilyalsentzer/Bio_ClinicalBERT/chemprot_test.json
08/24/2021 05:18:11 Task ddi2013
08/24/2021 05:18:11 SHOT/SHOT1000_5/emilyalsentzer/Bio_ClinicalBERT/ddi2013_train.json
08/24/2021 05:18:12 SHOT/SHOT1000_5/emilyalsentzer/Bio_ClinicalBERT/ddi2013_dev.json
08/24/2021 05:18:12 SHOT/SHOT1000_5/emilyalsentzer/Bio_ClinicalBERT/ddi2013_test.json
08/24/2021 05:18:14 Task i2b2
08/24/2021 05:18:14 SHOT/SHOT1000_5/emilyalsentzer/Bio_ClinicalBERT/i2b2_train.json
08/24/2021 05:18:15 SHOT/SHOT1000_5/emilyalsentzer/Bio_ClinicalBERT/i2b2_dev.json
08/24/2021 05:18:15 SHOT/SHOT1000_5/emilyalsentzer/Bio_ClinicalBERT/i2b2_test.json
09/02/2021 05:43:38 Task chemprot
09/02/2021 05:43:39 SHOT/SHOT50_1/google/bert_uncased_L-12_H-768_A-12/chemprot_train.json
09/02/2021 05:43:39 SHOT/SHOT50_1/google/bert_uncased_L-12_H-768_A-12/chemprot_dev.json
09/02/2021 05:43:41 SHOT/SHOT50_1/google/bert_uncased_L-12_H-768_A-12/chemprot_test.json
09/02/2021 05:43:46 Task ddi2013
09/02/2021 05:43:47 SHOT/SHOT50_1/google/bert_uncased_L-12_H-768_A-12/ddi2013_train.json
09/02/2021 05:43:47 SHOT/SHOT50_1/google/bert_uncased_L-12_H-768_A-12/ddi2013_dev.json
09/02/2021 05:43:48 SHOT/SHOT50_1/google/bert_uncased_L-12_H-768_A-12/ddi2013_test.json
09/02/2021 05:43:50 Task i2b2
09/02/2021 05:43:50 SHOT/SHOT50_1/google/bert_uncased_L-12_H-768_A-12/i2b2_train.json
09/02/2021 05:43:51 SHOT/SHOT50_1/google/bert_uncased_L-12_H-768_A-12/i2b2_dev.json
09/02/2021 05:43:52 SHOT/SHOT50_1/google/bert_uncased_L-12_H-768_A-12/i2b2_test.json
09/02/2021 05:44:08 Task chemprot
09/02/2021 05:44:08 SHOT/SHOT50_2/google/bert_uncased_L-12_H-768_A-12/chemprot_train.json
09/02/2021 05:44:08 SHOT/SHOT50_2/google/bert_uncased_L-12_H-768_A-12/chemprot_dev.json
09/02/2021 05:44:09 SHOT/SHOT50_2/google/bert_uncased_L-12_H-768_A-12/chemprot_test.json
09/02/2021 05:44:14 Task ddi2013
09/02/2021 05:44:15 SHOT/SHOT50_2/google/bert_uncased_L-12_H-768_A-12/ddi2013_train.json
09/02/2021 05:44:15 SHOT/SHOT50_2/google/bert_uncased_L-12_H-768_A-12/ddi2013_dev.json
09/02/2021 05:44:16 SHOT/SHOT50_2/google/bert_uncased_L-12_H-768_A-12/ddi2013_test.json
09/02/2021 05:44:18 Task i2b2
09/02/2021 05:44:18 SHOT/SHOT50_2/google/bert_uncased_L-12_H-768_A-12/i2b2_train.json
09/02/2021 05:44:19 SHOT/SHOT50_2/google/bert_uncased_L-12_H-768_A-12/i2b2_dev.json
09/02/2021 05:44:20 SHOT/SHOT50_2/google/bert_uncased_L-12_H-768_A-12/i2b2_test.json
09/02/2021 05:44:36 Task chemprot
09/02/2021 05:44:36 SHOT/SHOT50_3/google/bert_uncased_L-12_H-768_A-12/chemprot_train.json
09/02/2021 05:44:36 SHOT/SHOT50_3/google/bert_uncased_L-12_H-768_A-12/chemprot_dev.json
09/02/2021 05:44:37 SHOT/SHOT50_3/google/bert_uncased_L-12_H-768_A-12/chemprot_test.json
09/02/2021 05:44:43 Task ddi2013
09/02/2021 05:44:43 SHOT/SHOT50_3/google/bert_uncased_L-12_H-768_A-12/ddi2013_train.json
09/02/2021 05:44:43 SHOT/SHOT50_3/google/bert_uncased_L-12_H-768_A-12/ddi2013_dev.json
09/02/2021 05:44:44 SHOT/SHOT50_3/google/bert_uncased_L-12_H-768_A-12/ddi2013_test.json
09/02/2021 05:44:46 Task i2b2
09/02/2021 05:44:47 SHOT/SHOT50_3/google/bert_uncased_L-12_H-768_A-12/i2b2_train.json
09/02/2021 05:44:47 SHOT/SHOT50_3/google/bert_uncased_L-12_H-768_A-12/i2b2_dev.json
09/02/2021 05:44:48 SHOT/SHOT50_3/google/bert_uncased_L-12_H-768_A-12/i2b2_test.json
09/02/2021 05:45:03 Task chemprot
09/02/2021 05:45:04 SHOT/SHOT50_4/google/bert_uncased_L-12_H-768_A-12/chemprot_train.json
09/02/2021 05:45:04 SHOT/SHOT50_4/google/bert_uncased_L-12_H-768_A-12/chemprot_dev.json
09/02/2021 05:45:05 SHOT/SHOT50_4/google/bert_uncased_L-12_H-768_A-12/chemprot_test.json
09/02/2021 05:45:10 Task ddi2013
09/02/2021 05:45:11 SHOT/SHOT50_4/google/bert_uncased_L-12_H-768_A-12/ddi2013_train.json
09/02/2021 05:45:11 SHOT/SHOT50_4/google/bert_uncased_L-12_H-768_A-12/ddi2013_dev.json
09/02/2021 05:45:12 SHOT/SHOT50_4/google/bert_uncased_L-12_H-768_A-12/ddi2013_test.json
09/02/2021 05:45:14 Task i2b2
09/02/2021 05:45:14 SHOT/SHOT50_4/google/bert_uncased_L-12_H-768_A-12/i2b2_train.json
09/02/2021 05:45:14 SHOT/SHOT50_4/google/bert_uncased_L-12_H-768_A-12/i2b2_dev.json
09/02/2021 05:45:15 SHOT/SHOT50_4/google/bert_uncased_L-12_H-768_A-12/i2b2_test.json
09/02/2021 05:45:31 Task chemprot
09/02/2021 05:45:31 SHOT/SHOT50_5/google/bert_uncased_L-12_H-768_A-12/chemprot_train.json
09/02/2021 05:45:31 SHOT/SHOT50_5/google/bert_uncased_L-12_H-768_A-12/chemprot_dev.json
09/02/2021 05:45:32 SHOT/SHOT50_5/google/bert_uncased_L-12_H-768_A-12/chemprot_test.json
09/02/2021 05:45:38 Task ddi2013
09/02/2021 05:45:38 SHOT/SHOT50_5/google/bert_uncased_L-12_H-768_A-12/ddi2013_train.json
09/02/2021 05:45:38 SHOT/SHOT50_5/google/bert_uncased_L-12_H-768_A-12/ddi2013_dev.json
09/02/2021 05:45:39 SHOT/SHOT50_5/google/bert_uncased_L-12_H-768_A-12/ddi2013_test.json
09/02/2021 05:45:41 Task i2b2
09/02/2021 05:45:41 SHOT/SHOT50_5/google/bert_uncased_L-12_H-768_A-12/i2b2_train.json
09/02/2021 05:45:42 SHOT/SHOT50_5/google/bert_uncased_L-12_H-768_A-12/i2b2_dev.json
09/02/2021 05:45:43 SHOT/SHOT50_5/google/bert_uncased_L-12_H-768_A-12/i2b2_test.json
09/03/2021 12:11:36 Task chemprot
09/03/2021 12:11:36 SHOT/SHOT10_1/google/bert_uncased_L-12_H-768_A-12/chemprot_train.json
09/03/2021 12:11:37 SHOT/SHOT10_1/google/bert_uncased_L-12_H-768_A-12/chemprot_dev.json
09/03/2021 12:11:38 SHOT/SHOT10_1/google/bert_uncased_L-12_H-768_A-12/chemprot_test.json
09/03/2021 12:11:45 Task ddi2013
09/03/2021 12:11:45 SHOT/SHOT10_1/google/bert_uncased_L-12_H-768_A-12/ddi2013_train.json
09/03/2021 12:11:45 SHOT/SHOT10_1/google/bert_uncased_L-12_H-768_A-12/ddi2013_dev.json
09/03/2021 12:11:46 SHOT/SHOT10_1/google/bert_uncased_L-12_H-768_A-12/ddi2013_test.json
09/03/2021 12:11:48 Task i2b2
09/03/2021 12:11:49 SHOT/SHOT10_1/google/bert_uncased_L-12_H-768_A-12/i2b2_train.json
09/03/2021 12:11:49 SHOT/SHOT10_1/google/bert_uncased_L-12_H-768_A-12/i2b2_dev.json
09/03/2021 12:11:50 SHOT/SHOT10_1/google/bert_uncased_L-12_H-768_A-12/i2b2_test.json
09/03/2021 12:12:10 Task chemprot
09/03/2021 12:12:10 SHOT/SHOT10_2/google/bert_uncased_L-12_H-768_A-12/chemprot_train.json
09/03/2021 12:12:11 SHOT/SHOT10_2/google/bert_uncased_L-12_H-768_A-12/chemprot_dev.json
09/03/2021 12:12:11 SHOT/SHOT10_2/google/bert_uncased_L-12_H-768_A-12/chemprot_test.json
09/03/2021 12:12:19 Task ddi2013
09/03/2021 12:12:19 SHOT/SHOT10_2/google/bert_uncased_L-12_H-768_A-12/ddi2013_train.json
09/03/2021 12:12:20 SHOT/SHOT10_2/google/bert_uncased_L-12_H-768_A-12/ddi2013_dev.json
09/03/2021 12:12:20 SHOT/SHOT10_2/google/bert_uncased_L-12_H-768_A-12/ddi2013_test.json
09/03/2021 12:12:23 Task i2b2
09/03/2021 12:12:23 SHOT/SHOT10_2/google/bert_uncased_L-12_H-768_A-12/i2b2_train.json
09/03/2021 12:12:23 SHOT/SHOT10_2/google/bert_uncased_L-12_H-768_A-12/i2b2_dev.json
09/03/2021 12:12:25 SHOT/SHOT10_2/google/bert_uncased_L-12_H-768_A-12/i2b2_test.json
09/03/2021 12:12:43 Task chemprot
09/03/2021 12:12:43 SHOT/SHOT10_3/google/bert_uncased_L-12_H-768_A-12/chemprot_train.json
09/03/2021 12:12:43 SHOT/SHOT10_3/google/bert_uncased_L-12_H-768_A-12/chemprot_dev.json
09/03/2021 12:12:44 SHOT/SHOT10_3/google/bert_uncased_L-12_H-768_A-12/chemprot_test.json
09/03/2021 12:12:50 Task ddi2013
09/03/2021 12:12:51 SHOT/SHOT10_3/google/bert_uncased_L-12_H-768_A-12/ddi2013_train.json
09/03/2021 12:12:51 SHOT/SHOT10_3/google/bert_uncased_L-12_H-768_A-12/ddi2013_dev.json
09/03/2021 12:12:51 SHOT/SHOT10_3/google/bert_uncased_L-12_H-768_A-12/ddi2013_test.json
09/03/2021 12:12:53 Task i2b2
09/03/2021 12:12:53 SHOT/SHOT10_3/google/bert_uncased_L-12_H-768_A-12/i2b2_train.json
09/03/2021 12:12:54 SHOT/SHOT10_3/google/bert_uncased_L-12_H-768_A-12/i2b2_dev.json
09/03/2021 12:12:55 SHOT/SHOT10_3/google/bert_uncased_L-12_H-768_A-12/i2b2_test.json
09/03/2021 12:13:09 Task chemprot
09/03/2021 12:13:10 SHOT/SHOT10_4/google/bert_uncased_L-12_H-768_A-12/chemprot_train.json
09/03/2021 12:13:10 SHOT/SHOT10_4/google/bert_uncased_L-12_H-768_A-12/chemprot_dev.json
09/03/2021 12:13:10 SHOT/SHOT10_4/google/bert_uncased_L-12_H-768_A-12/chemprot_test.json
09/03/2021 12:13:17 Task ddi2013
09/03/2021 12:13:17 SHOT/SHOT10_4/google/bert_uncased_L-12_H-768_A-12/ddi2013_train.json
09/03/2021 12:13:17 SHOT/SHOT10_4/google/bert_uncased_L-12_H-768_A-12/ddi2013_dev.json
09/03/2021 12:13:18 SHOT/SHOT10_4/google/bert_uncased_L-12_H-768_A-12/ddi2013_test.json
09/03/2021 12:13:20 Task i2b2
09/03/2021 12:13:20 SHOT/SHOT10_4/google/bert_uncased_L-12_H-768_A-12/i2b2_train.json
09/03/2021 12:13:20 SHOT/SHOT10_4/google/bert_uncased_L-12_H-768_A-12/i2b2_dev.json
09/03/2021 12:13:21 SHOT/SHOT10_4/google/bert_uncased_L-12_H-768_A-12/i2b2_test.json
09/03/2021 12:13:37 Task chemprot
09/03/2021 12:13:38 SHOT/SHOT10_5/google/bert_uncased_L-12_H-768_A-12/chemprot_train.json
09/03/2021 12:13:38 SHOT/SHOT10_5/google/bert_uncased_L-12_H-768_A-12/chemprot_dev.json
09/03/2021 12:13:38 SHOT/SHOT10_5/google/bert_uncased_L-12_H-768_A-12/chemprot_test.json
09/03/2021 12:13:44 Task ddi2013
09/03/2021 12:13:45 SHOT/SHOT10_5/google/bert_uncased_L-12_H-768_A-12/ddi2013_train.json
09/03/2021 12:13:45 SHOT/SHOT10_5/google/bert_uncased_L-12_H-768_A-12/ddi2013_dev.json
09/03/2021 12:13:46 SHOT/SHOT10_5/google/bert_uncased_L-12_H-768_A-12/ddi2013_test.json
09/03/2021 12:13:48 Task i2b2
09/03/2021 12:13:48 SHOT/SHOT10_5/google/bert_uncased_L-12_H-768_A-12/i2b2_train.json
09/03/2021 12:13:48 SHOT/SHOT10_5/google/bert_uncased_L-12_H-768_A-12/i2b2_dev.json
09/03/2021 12:13:49 SHOT/SHOT10_5/google/bert_uncased_L-12_H-768_A-12/i2b2_test.json
09/04/2021 12:37:27 Task chemprot
09/04/2021 12:37:28 SHOT/SHOT1_1/emilyalsentzer/Bio_ClinicalBERT/chemprot_train.json
09/04/2021 12:37:28 SHOT/SHOT1_1/emilyalsentzer/Bio_ClinicalBERT/chemprot_dev.json
09/04/2021 12:37:29 SHOT/SHOT1_1/emilyalsentzer/Bio_ClinicalBERT/chemprot_test.json
09/04/2021 12:37:35 Task ddi2013
09/04/2021 12:37:36 SHOT/SHOT1_1/emilyalsentzer/Bio_ClinicalBERT/ddi2013_train.json
09/04/2021 12:37:36 SHOT/SHOT1_1/emilyalsentzer/Bio_ClinicalBERT/ddi2013_dev.json
09/04/2021 12:37:37 SHOT/SHOT1_1/emilyalsentzer/Bio_ClinicalBERT/ddi2013_test.json
09/04/2021 12:37:39 Task i2b2
09/04/2021 12:37:40 SHOT/SHOT1_1/emilyalsentzer/Bio_ClinicalBERT/i2b2_train.json
09/04/2021 12:37:40 SHOT/SHOT1_1/emilyalsentzer/Bio_ClinicalBERT/i2b2_dev.json
09/04/2021 12:37:42 SHOT/SHOT1_1/emilyalsentzer/Bio_ClinicalBERT/i2b2_test.json
09/10/2021 05:22:51 Task chemprot
09/10/2021 05:22:51 File %s doesnot exit
